2023-12-27T08:52:03+00:00 CRITICAL Maximum execution time of 60 seconds exceeded in W:\domains\bestbuy\wp-content\plugins\woocommerce\packages\woocommerce-blocks\src\Interactivity\scripts.php on line 21

2023-12-27T08:53:07+00:00 CRITICAL Maximum execution time of 60 seconds exceeded in W:\domains\bestbuy\wp-content\themes\astra\inc\compatibility\class-astra-beaver-themer.php on line 9

2023-12-27T08:54:20+00:00 CRITICAL Maximum execution time of 60 seconds exceeded in W:\domains\bestbuy\wp-includes\functions.php on line 6805

2023-12-27T08:55:49+00:00 CRITICAL Maximum execution time of 60 seconds exceeded in W:\domains\bestbuy\wp-content\plugins\elementor\core\common\app.php on line 15

2023-12-27T08:56:48+00:00 CRITICAL Maximum execution time of 60 seconds exceeded in W:\domains\bestbuy\wp-admin\includes\class-wp-filesystem-direct.php on line 455

2023-12-27T08:57:24+00:00 CRITICAL Maximum execution time of 60 seconds exceeded in W:\domains\bestbuy\wp-content\themes\astra\template-parts\footer\builder\components.php on line 8

2023-12-27T09:32:54+00:00 CRITICAL Maximum execution time of 60 seconds exceeded in W:\domains\bestbuy\wp-content\plugins\checkout-plugins-stripe-woo\gateway\local-gateway.php on line 26

2023-12-27T09:34:36+00:00 CRITICAL Maximum execution time of 60 seconds exceeded in W:\domains\bestbuy\wp-content\plugins\woo-cart-abandonment-recovery\modules\cart-abandonment\classes\class-cartflows-ca-email-templates.php on line 8

2023-12-27T09:35:40+00:00 CRITICAL Maximum execution time of 60 seconds exceeded in W:\domains\bestbuy\wp-content\plugins\woocommerce\packages\action-scheduler\classes\schema\ActionScheduler_LoggerSchema.php on line 91

2023-12-27T09:36:47+00:00 CRITICAL Maximum execution time of 60 seconds exceeded in W:\domains\bestbuy\wp-includes\functions.php on line 4593

2023-12-27T09:37:50+00:00 CRITICAL Maximum execution time of 60 seconds exceeded in W:\domains\bestbuy\wp-content\plugins\astra-sites\inc\lib\gutenberg-templates\inc\content\ai-content.php on line 22

2023-12-27T09:43:44+00:00 CRITICAL Maximum execution time of 60 seconds exceeded in W:\domains\bestbuy\wp-includes\class-wpdb.php on line 2349

2023-12-27T09:43:44+00:00 CRITICAL Maximum execution time of 60 seconds exceeded in W:\domains\bestbuy\wp-includes\class-wpdb.php on line 2349

2023-12-27T09:43:44+00:00 CRITICAL Maximum execution time of 60 seconds exceeded in W:\domains\bestbuy\wp-includes\class-wpdb.php on line 2349

2023-12-27T09:43:44+00:00 CRITICAL Maximum execution time of 60 seconds exceeded in W:\domains\bestbuy\wp-includes\class-wpdb.php on line 2349

2023-12-27T10:11:08+00:00 CRITICAL Maximum execution time of 60 seconds exceeded in W:\domains\bestbuy\wp-content\plugins\cartflows\admin-core\api\common-settings.php on line 11

2023-12-27T10:16:18+00:00 CRITICAL Maximum execution time of 60 seconds exceeded in W:\domains\bestbuy\wp-includes\functions.php on line 4579

2023-12-27T10:16:18+00:00 CRITICAL Maximum execution time of 60 seconds exceeded in W:\domains\bestbuy\wp-includes\functions.php on line 4579

2023-12-27T10:16:42+00:00 CRITICAL Maximum execution time of 60 seconds exceeded in W:\domains\bestbuy\wp-admin\includes\plugin.php on line 304

2023-12-27T10:16:42+00:00 CRITICAL Maximum execution time of 60 seconds exceeded in W:\domains\bestbuy\wp-content\plugins\astra-sites\inc\lib\zip-ai\loader.php on line 74

2023-12-27T10:16:42+00:00 CRITICAL Maximum execution time of 60 seconds exceeded in W:\domains\bestbuy\wp-content\plugins\astra-sites\inc\lib\zip-ai\loader.php on line 74

2023-12-27T10:16:42+00:00 CRITICAL Maximum execution time of 60 seconds exceeded in W:\domains\bestbuy\wp-content\plugins\woocommerce\packages\woocommerce-blocks\src\Templates\ProductSearchResultsTemplate.php on line 39

2023-12-27T10:16:50+00:00 CRITICAL Maximum execution time of 60 seconds exceeded in W:\domains\bestbuy\wp-content\themes\astra\inc\builder\type\header\primary-header\class-astra-primary-header.php on line 12

2023-12-27T10:16:50+00:00 CRITICAL Maximum execution time of 60 seconds exceeded in W:\domains\bestbuy\wp-content\themes\astra\inc\compatibility\woocommerce\class-astra-woocommerce.php on line 11

2023-12-27T10:20:35+00:00 CRITICAL Maximum execution time of 60 seconds exceeded in W:\domains\bestbuy\wp-includes\class-wpdb.php on line 2349

2023-12-27T10:22:15+00:00 CRITICAL Maximum execution time of 60 seconds exceeded in W:\domains\bestbuy\wp-includes\class-wpdb.php on line 2349

2023-12-27T10:36:37+00:00 CRITICAL Maximum execution time of 60 seconds exceeded in W:\domains\bestbuy\wp-content\plugins\woocommerce\src\Admin\API\Reports\Taxes\Stats\Controller.php on line 10

2023-12-27T10:36:37+00:00 CRITICAL Maximum execution time of 60 seconds exceeded in W:\domains\bestbuy\wp-content\plugins\woocommerce\src\Admin\API\Reports\Customers\Stats\Controller.php on line 10

2023-12-27T10:36:37+00:00 CRITICAL Maximum execution time of 60 seconds exceeded in W:\domains\bestbuy\wp-content\plugins\woocommerce\src\Admin\API\Reports\Taxes\Controller.php on line 10

2023-12-27T10:37:31+00:00 CRITICAL Maximum execution time of 60 seconds exceeded in W:\domains\bestbuy\wp-content\plugins\checkout-plugins-stripe-woo\autoloader.php on line 69

2023-12-27T10:37:38+00:00 CRITICAL Maximum execution time of 60 seconds exceeded in W:\domains\bestbuy\wp-includes\widgets\class-wp-widget-recent-comments.php on line 219

2023-12-27T10:37:40+00:00 CRITICAL Maximum execution time of 60 seconds exceeded in W:\domains\bestbuy\wp-content\plugins\woocommerce\src\Admin\Features\Navigation\Init.php on line 145

2023-12-27T10:37:41+00:00 CRITICAL Maximum execution time of 60 seconds exceeded in W:\domains\bestbuy\wp-includes\widgets\class-wp-widget-recent-comments.php on line 219

2023-12-27T10:37:41+00:00 CRITICAL Maximum execution time of 60 seconds exceeded in W:\domains\bestbuy\wp-content\plugins\polylang\modules\share-slug\load.php on line 8

2023-12-27T10:37:51+00:00 CRITICAL Maximum execution time of 60 seconds exceeded in W:\domains\bestbuy\wp-content\plugins\woocommerce\src\Admin\API\Reports\DataStore.php on line 8

2023-12-27T10:37:55+00:00 CRITICAL Maximum execution time of 60 seconds exceeded in W:\domains\bestbuy\wp-content\plugins\woocommerce\src\Internal\Admin\Onboarding\Onboarding.php on line 26

2023-12-27T10:38:42+00:00 CRITICAL Maximum execution time of 60 seconds exceeded in W:\domains\bestbuy\wp-admin\includes\deprecated.php on line 332

2023-12-27T10:38:48+00:00 CRITICAL Maximum execution time of 60 seconds exceeded in W:\domains\bestbuy\wp-content\plugins\woocommerce\packages\woocommerce-blocks\src\StoreApi\Schemas\V1\AI\PatternsSchema.php on line 48

2023-12-27T10:38:50+00:00 CRITICAL Maximum execution time of 60 seconds exceeded in W:\domains\bestbuy\wp-content\plugins\elementor\includes\autoloader.php on line 293

2023-12-27T10:45:19+00:00 CRITICAL Maximum execution time of 60 seconds exceeded in W:\domains\bestbuy\wp-includes\class-wp-hook.php on line 311

2023-12-27T10:46:29+00:00 CRITICAL Maximum execution time of 60 seconds exceeded in W:\domains\bestbuy\wp-includes\class-wp-object-cache.php on line 146

2023-12-27T10:52:40+00:00 CRITICAL Maximum execution time of 60 seconds exceeded in W:\domains\bestbuy\wp-includes\plugin.php on line 179

2023-12-27T10:52:40+00:00 CRITICAL Maximum execution time of 60 seconds exceeded in W:\domains\bestbuy\wp-content\plugins\woocommerce\includes\rest-api\Controllers\Version1\class-wc-rest-products-v1-controller.php on line 15

2023-12-27T10:52:40+00:00 CRITICAL Maximum execution time of 60 seconds exceeded in W:\domains\bestbuy\wp-content\plugins\cartflows\admin-loader.php on line 73

2023-12-27T10:52:40+00:00 CRITICAL Maximum execution time of 60 seconds exceeded in W:\domains\bestbuy\wp-includes\class-wp-hook.php on line 311

2023-12-27T10:52:40+00:00 CRITICAL Maximum execution time of 60 seconds exceeded in W:\domains\bestbuy\wp-content\plugins\woocommerce\includes\wccom-site\rest-api\class-wc-rest-wccom-site-installer-error-codes.php on line 91

2023-12-27T10:52:40+00:00 CRITICAL Maximum execution time of 60 seconds exceeded in W:\domains\bestbuy\wp-content\plugins\elementor\data\v2\base\endpoint.php on line 6

2023-12-27T10:53:41+00:00 CRITICAL Maximum execution time of 60 seconds exceeded in W:\domains\bestbuy\wp-content\plugins\woocommerce\src\Internal\Admin\ProductReviews\Reviews.php on line 533

2023-12-27T10:53:41+00:00 CRITICAL Maximum execution time of 60 seconds exceeded in W:\domains\bestbuy\wp-content\plugins\woocommerce\packages\woocommerce-blocks\src\Payments\Integrations\Cheque.php on line 12

2023-12-27T10:53:42+00:00 CRITICAL Maximum execution time of 60 seconds exceeded in W:\domains\bestbuy\wp-content\plugins\woocommerce\src\Admin\Features\OnboardingTasks\Tasks\Products.php on line 11

2023-12-27T10:53:44+00:00 CRITICAL Maximum execution time of 60 seconds exceeded in W:\domains\bestbuy\wp-includes\functions.php on line 4593

2023-12-27T10:53:45+00:00 CRITICAL Maximum execution time of 60 seconds exceeded in W:\domains\bestbuy\wp-content\plugins\elementor\core\utils\http.php on line 4

2023-12-27T10:53:46+00:00 CRITICAL Maximum execution time of 60 seconds exceeded in W:\domains\bestbuy\wp-includes\blocks.php on line 356

2023-12-27T10:54:58+00:00 CRITICAL Maximum execution time of 60 seconds exceeded in W:\domains\bestbuy\wp-includes\class-wpdb.php on line 2349

2023-12-27T10:54:59+00:00 CRITICAL Maximum execution time of 60 seconds exceeded in W:\domains\bestbuy\wp-includes\class-wpdb.php on line 2349

2023-12-27T10:57:45+00:00 CRITICAL Maximum execution time of 60 seconds exceeded in W:\domains\bestbuy\wp-includes\class-wpdb.php on line 2349

2023-12-27T10:57:45+00:00 CRITICAL Maximum execution time of 60 seconds exceeded in W:\domains\bestbuy\wp-includes\class-wpdb.php on line 2349

2023-12-27T11:02:08+00:00 CRITICAL Maximum execution time of 60 seconds exceeded in W:\domains\bestbuy\wp-includes\rest-api.php on line 3312

2023-12-27T11:02:08+00:00 CRITICAL Maximum execution time of 60 seconds exceeded in W:\domains\bestbuy\wp-content\plugins\woocommerce\packages\woocommerce-blocks\src\BlockTypes\FeaturedProduct.php on line 104

2023-12-27T11:02:08+00:00 CRITICAL Maximum execution time of 60 seconds exceeded in W:\domains\bestbuy\wp-admin\includes\file.php on line 2254

2023-12-27T11:02:08+00:00 CRITICAL Maximum execution time of 60 seconds exceeded in W:\domains\bestbuy\wp-content\plugins\astra-sites\inc\lib\gutenberg-templates\ast-block-plugin-loader.php on line 75

2023-12-27T11:02:08+00:00 CRITICAL Maximum execution time of 60 seconds exceeded in W:\domains\bestbuy\wp-content\plugins\woocommerce\src\Admin\API\Reports\Controller.php on line 10

2023-12-27T11:02:09+00:00 CRITICAL Maximum execution time of 60 seconds exceeded in W:\domains\bestbuy\wp-content\plugins\woocommerce\packages\woocommerce-blocks\src\BlockPatterns.php on line 128

2023-12-27T11:02:20+00:00 CRITICAL Maximum execution time of 60 seconds exceeded in W:\domains\bestbuy\wp-content\plugins\cartflows\modules\checkout\classes\class-cartflows-global-checkout.php on line 9

2023-12-27T11:02:29+00:00 CRITICAL Maximum execution time of 60 seconds exceeded in W:\domains\bestbuy\wp-content\plugins\woo-cart-abandonment-recovery\modules\cart-abandonment\classes\class-cartflows-ca-cron.php on line 8

2023-12-27T11:02:31+00:00 CRITICAL Maximum execution time of 60 seconds exceeded in W:\domains\bestbuy\wp-includes\class-wp-textdomain-registry.php on line 229

2023-12-27T11:02:34+00:00 CRITICAL Maximum execution time of 60 seconds exceeded in W:\domains\bestbuy\wp-content\themes\astra\inc\schema\class-astra-schema.php on line 27

2023-12-27T11:02:34+00:00 CRITICAL Maximum execution time of 60 seconds exceeded in W:\domains\bestbuy\wp-content\plugins\woo-cart-abandonment-recovery\modules\cart-abandonment\classes\class-cartflows-ca-helper.php on line 8

2023-12-27T11:03:48+00:00 CRITICAL Maximum execution time of 60 seconds exceeded in W:\domains\bestbuy\wp-content\plugins\elementor\includes\base\sub-controls-stack.php on line 4

2023-12-27T11:03:48+00:00 CRITICAL Maximum execution time of 60 seconds exceeded in W:\domains\bestbuy\wp-content\plugins\elementor\includes\elements\repeater.php on line 4

2023-12-27T11:03:49+00:00 CRITICAL Maximum execution time of 60 seconds exceeded in W:\domains\bestbuy\wp-content\plugins\elementor\includes\autoloader.php on line 293

2023-12-27T11:03:49+00:00 CRITICAL Maximum execution time of 60 seconds exceeded in W:\domains\bestbuy\wp-content\plugins\elementor\includes\autoloader.php on line 293

2023-12-27T11:03:49+00:00 CRITICAL Maximum execution time of 60 seconds exceeded in W:\domains\bestbuy\wp-content\plugins\elementor\includes\base\widget-base.php on line 7

2023-12-27T11:05:20+00:00 CRITICAL Maximum execution time of 60 seconds exceeded in W:\domains\bestbuy\wp-includes\class-wpdb.php on line 2349

2023-12-27T11:07:26+00:00 CRITICAL Maximum execution time of 60 seconds exceeded in W:\domains\bestbuy\wp-includes\class-wpdb.php on line 2349

2023-12-27T11:13:45+00:00 CRITICAL Maximum execution time of 60 seconds exceeded in W:\domains\bestbuy\wp-includes\class-wpdb.php on line 2349

2023-12-27T11:13:45+00:00 CRITICAL Maximum execution time of 60 seconds exceeded in W:\domains\bestbuy\wp-includes\class-wpdb.php on line 2349

2023-12-27T11:13:46+00:00 CRITICAL Maximum execution time of 60 seconds exceeded in W:\domains\bestbuy\wp-includes\Requests\src\Transport\Curl.php on line 205

2023-12-27T11:16:31+00:00 CRITICAL Maximum execution time of 60 seconds exceeded in W:\domains\bestbuy\wp-content\plugins\woocommerce\includes\rest-api\Controllers\Version2\class-wc-rest-shipping-methods-v2-controller.php on line 232

2023-12-27T11:16:31+00:00 CRITICAL Maximum execution time of 60 seconds exceeded in W:\domains\bestbuy\wp-content\plugins\elementor\includes\autoloader.php on line 293

2023-12-27T11:16:58+00:00 CRITICAL Maximum execution time of 60 seconds exceeded in W:\domains\bestbuy\wp-content\plugins\cartflows\modules\elementor\class-cartflows-el-widgets-loader.php on line 240

2023-12-27T11:17:20+00:00 CRITICAL Maximum execution time of 60 seconds exceeded in W:\domains\bestbuy\wp-content\themes\astra\inc\core\class-gutenberg-editor-css.php on line 14

2023-12-27T11:17:23+00:00 CRITICAL Maximum execution time of 60 seconds exceeded in W:\domains\bestbuy\wp-content\themes\astra\inc\customizer\configurations\builder\class-astra-builder-base-configuration.php on line 9

2023-12-27T11:17:24+00:00 CRITICAL Maximum execution time of 60 seconds exceeded in W:\domains\bestbuy\wp-content\themes\astra\inc\customizer\class-astra-builder-customizer.php on line 46

2023-12-27T11:17:25+00:00 CRITICAL Maximum execution time of 60 seconds exceeded in W:\domains\bestbuy\wp-content\themes\astra\inc\builder\type\footer\html\dynamic-css\dynamic.css.php on line 9

2023-12-27T11:17:34+00:00 CRITICAL Maximum execution time of 60 seconds exceeded in W:\domains\bestbuy\wp-content\plugins\elementor\includes\autoloader.php on line 293

2023-12-27T11:17:34+00:00 CRITICAL Maximum execution time of 60 seconds exceeded in W:\domains\bestbuy\wp-content\plugins\elementor\includes\api.php on line 6

2023-12-27T11:18:34+00:00 CRITICAL Maximum execution time of 60 seconds exceeded in W:\domains\bestbuy\wp-includes\Requests\src\Autoload.php on line 133

2023-12-27T11:18:35+00:00 CRITICAL Maximum execution time of 60 seconds exceeded in W:\domains\bestbuy\wp-content\plugins\elementor\includes\autoloader.php on line 293

2023-12-27T11:18:39+00:00 CRITICAL Maximum execution time of 60 seconds exceeded in W:\domains\bestbuy\wp-includes\functions.php on line 650

2023-12-27T11:18:39+00:00 CRITICAL Maximum execution time of 60 seconds exceeded in W:\domains\bestbuy\wp-content\themes\astra\inc\addons\transparent-header\class-astra-ext-transparent-header.php on line 8

2023-12-27T11:18:39+00:00 CRITICAL Maximum execution time of 60 seconds exceeded in W:\domains\bestbuy\wp-includes\functions.php on line 650

2023-12-27T11:42:59+00:00 CRITICAL Maximum execution time of 60 seconds exceeded in W:\domains\bestbuy\wp-includes\class-wpdb.php on line 2349

2023-12-27T11:43:06+00:00 CRITICAL Maximum execution time of 60 seconds exceeded in W:\domains\bestbuy\wp-includes\plugin.php on line 190

2023-12-27T11:43:43+00:00 CRITICAL Maximum execution time of 60 seconds exceeded in W:\domains\bestbuy\wp-content\plugins\woocommerce\src\Internal\Admin\WCPayPromotion\WCPayPromotionDataSourcePoller.php on line 9

2023-12-27T11:46:57+00:00 CRITICAL Maximum execution time of 60 seconds exceeded in W:\domains\bestbuy\wp-includes\class-wpdb.php on line 2349

2023-12-27T11:51:10+00:00 CRITICAL Maximum execution time of 60 seconds exceeded in W:\domains\bestbuy\wp-includes\class-wp-hook.php on line 323

2023-12-27T11:51:11+00:00 CRITICAL Maximum execution time of 60 seconds exceeded in W:\domains\bestbuy\wp-includes\rest-api\endpoints\class-wp-rest-controller.php on line 659

2023-12-27T11:51:11+00:00 CRITICAL Maximum execution time of 60 seconds exceeded in W:\domains\bestbuy\wp-includes\l10n.php on line 1400

2023-12-27T11:51:14+00:00 CRITICAL Maximum execution time of 60 seconds exceeded in W:\domains\bestbuy\wp-content\plugins\woocommerce\includes\rest-api\Controllers\Version2\class-wc-rest-shipping-methods-v2-controller.php on line 232

2023-12-27T11:51:49+00:00 CRITICAL Maximum execution time of 60 seconds exceeded in W:\domains\bestbuy\wp-content\themes\astra\admin\includes\class-astra-menu.php on line 9

2023-12-27T11:51:54+00:00 CRITICAL Maximum execution time of 60 seconds exceeded in W:\domains\bestbuy\wp-content\themes\astra\inc\compatibility\woocommerce\class-astra-woocommerce.php on line 11

2023-12-27T11:51:55+00:00 CRITICAL Maximum execution time of 60 seconds exceeded in W:\domains\bestbuy\wp-content\themes\astra\inc\builder\type\header\mobile-menu\class-astra-mobile-menu-component-loader.php on line 12

2023-12-27T11:52:09+00:00 CRITICAL Maximum execution time of 60 seconds exceeded in W:\domains\bestbuy\wp-includes\functions.php on line 4593

2023-12-27T11:52:09+00:00 CRITICAL Maximum execution time of 60 seconds exceeded in W:\domains\bestbuy\wp-includes\blocks.php on line 356

2023-12-27T11:52:10+00:00 CRITICAL Maximum execution time of 60 seconds exceeded in W:\domains\bestbuy\wp-content\plugins\elementor\modules\image-loading-optimization\module.php on line 7

2023-12-27T11:52:10+00:00 CRITICAL Maximum execution time of 60 seconds exceeded in W:\domains\bestbuy\wp-content\plugins\elementor\core\wp-api.php on line 6

2023-12-27T11:52:15+00:00 CRITICAL Maximum execution time of 60 seconds exceeded in W:\domains\bestbuy\wp-includes\functions.php on line 4579

2023-12-27T11:52:15+00:00 CRITICAL Maximum execution time of 60 seconds exceeded in W:\domains\bestbuy\wp-content\plugins\elementor\includes\beta-testers.php on line 4

2023-12-27T11:52:31+00:00 CRITICAL Maximum execution time of 60 seconds exceeded in W:\domains\bestbuy\wp-content\plugins\astra-sites\inc\lib\gutenberg-templates\ast-block-plugin-loader.php on line 75

2023-12-27T11:53:17+00:00 CRITICAL Maximum execution time of 60 seconds exceeded in W:\domains\bestbuy\wp-content\plugins\woocommerce\includes\class-wc-autoloader.php on line 53

2023-12-27T11:53:18+00:00 CRITICAL Maximum execution time of 60 seconds exceeded in W:\domains\bestbuy\wp-content\plugins\elementor\includes\autoloader.php on line 293

2023-12-27T11:53:36+00:00 CRITICAL Maximum execution time of 60 seconds exceeded in W:\domains\bestbuy\wp-admin\includes\plugin.php on line 334

2023-12-27T11:53:36+00:00 CRITICAL Maximum execution time of 60 seconds exceeded in W:\domains\bestbuy\wp-content\plugins\astra-sites\inc\lib\zip-ai\classes\module.php on line 13

2023-12-27T11:53:36+00:00 CRITICAL Maximum execution time of 60 seconds exceeded in W:\domains\bestbuy\wp-content\plugins\woocommerce\packages\woocommerce-blocks\src\Templates\AbstractTemplateCompatibility.php on line 202

2023-12-27T11:53:37+00:00 CRITICAL Maximum execution time of 60 seconds exceeded in W:\domains\bestbuy\wp-admin\includes\plugin.php on line 303

2023-12-27T11:53:37+00:00 CRITICAL Maximum execution time of 60 seconds exceeded in W:\domains\bestbuy\wp-admin\includes\plugin.php on line 304

2023-12-27T11:53:38+00:00 CRITICAL Maximum execution time of 60 seconds exceeded in W:\domains\bestbuy\wp-content\plugins\cartflows\modules\gutenberg\classes\class-cartflows-block-js.php on line 8

2023-12-27T12:01:11+00:00 CRITICAL Maximum execution time of 60 seconds exceeded in W:\domains\bestbuy\wp-includes\kses.php on line 875

2023-12-27T12:07:18+00:00 CRITICAL Maximum execution time of 60 seconds exceeded in W:\domains\bestbuy\wp-includes\rest-api\endpoints\class-wp-rest-controller.php on line 396

2023-12-27T12:07:18+00:00 CRITICAL Maximum execution time of 60 seconds exceeded in W:\domains\bestbuy\wp-content\plugins\astra-sites\inc\lib\gutenberg-templates\inc\traits\upgrade.php on line 16

2023-12-27T12:07:18+00:00 CRITICAL Maximum execution time of 60 seconds exceeded in W:\domains\bestbuy\wp-includes\pomo\mo.php on line 322

2023-12-27T12:07:18+00:00 CRITICAL Maximum execution time of 60 seconds exceeded in W:\domains\bestbuy\wp-includes\functions.php on line 4593

2023-12-27T12:07:18+00:00 CRITICAL Maximum execution time of 60 seconds exceeded in W:\domains\bestbuy\wp-includes\l10n.php on line 1250

2023-12-27T12:07:18+00:00 CRITICAL Maximum execution time of 60 seconds exceeded in W:\domains\bestbuy\wp-content\plugins\woocommerce\packages\woocommerce-blocks\src\Assets\Api.php on line 112

2023-12-27T12:08:20+00:00 CRITICAL Maximum execution time of 60 seconds exceeded in W:\domains\bestbuy\wp-includes\Requests\src\Transport\Curl.php on line 205

2023-12-27T12:08:21+00:00 CRITICAL Maximum execution time of 60 seconds exceeded in W:\domains\bestbuy\wp-content\plugins\woocommerce\packages\woocommerce-blocks\src\Integrations\IntegrationRegistry.php on line 135

2023-12-27T12:08:21+00:00 CRITICAL Maximum execution time of 60 seconds exceeded in W:\domains\bestbuy\wp-content\plugins\woocommerce\packages\woocommerce-blocks\patterns\product-collection-3-columns.php on line 9

2023-12-27T12:08:21+00:00 CRITICAL Maximum execution time of 60 seconds exceeded in W:\domains\bestbuy\wp-content\plugins\woocommerce\packages\woocommerce-blocks\src\BlockTypes\RelatedProducts.php on line 177

2023-12-27T12:08:21+00:00 CRITICAL Maximum execution time of 60 seconds exceeded in W:\domains\bestbuy\wp-includes\l10n.php on line 1113

2023-12-27T12:08:21+00:00 CRITICAL Maximum execution time of 60 seconds exceeded in W:\domains\bestbuy\wp-content\plugins\woocommerce\packages\woocommerce-blocks\src\BlockTypes\ProductOnSale.php on line 39

2023-12-27T12:09:33+00:00 CRITICAL Maximum execution time of 60 seconds exceeded in W:\domains\bestbuy\wp-includes\class-wpdb.php on line 2349

2023-12-27T12:13:22+00:00 CRITICAL Maximum execution time of 60 seconds exceeded in W:\domains\bestbuy\wp-includes\class-wpdb.php on line 2349

2023-12-27T12:13:23+00:00 CRITICAL Maximum execution time of 60 seconds exceeded in W:\domains\bestbuy\wp-includes\class-wpdb.php on line 2349

2023-12-27T12:17:05+00:00 CRITICAL Maximum execution time of 60 seconds exceeded in W:\domains\bestbuy\wp-includes\functions.php on line 4593

2023-12-27T12:17:23+00:00 CRITICAL Maximum execution time of 60 seconds exceeded in W:\domains\bestbuy\wp-content\plugins\woocommerce\packages\woocommerce-blocks\src\BlockTypes\AbstractBlock.php on line 208

2023-12-27T12:17:23+00:00 CRITICAL Maximum execution time of 60 seconds exceeded in W:\domains\bestbuy\wp-content\plugins\woocommerce\packages\woocommerce-blocks\src\BlockTypes\ProductCategories.php on line 407

2023-12-27T12:17:23+00:00 CRITICAL Maximum execution time of 60 seconds exceeded in W:\domains\bestbuy\wp-content\plugins\woocommerce\packages\woocommerce-blocks\src\BlockTypes\AbstractDynamicBlock.php on line 93

2023-12-27T12:17:23+00:00 CRITICAL Maximum execution time of 60 seconds exceeded in W:\domains\bestbuy\wp-includes\l10n.php on line 1250

2023-12-27T12:17:24+00:00 CRITICAL Maximum execution time of 60 seconds exceeded in W:\domains\bestbuy\wp-includes\class-wpdb.php on line 2349

2023-12-27T12:17:25+00:00 CRITICAL Maximum execution time of 60 seconds exceeded in W:\domains\bestbuy\wp-admin\includes\file.php on line 2254

2023-12-27T12:19:07+00:00 CRITICAL Maximum execution time of 60 seconds exceeded in W:\domains\bestbuy\wp-includes\plugin.php on line 173

2023-12-27T12:19:08+00:00 CRITICAL Maximum execution time of 60 seconds exceeded in W:\domains\bestbuy\wp-includes\functions.php on line 4593

2023-12-27T12:19:09+00:00 CRITICAL Maximum execution time of 60 seconds exceeded in W:\domains\bestbuy\wp-includes\blocks.php on line 377

2023-12-27T12:19:21+00:00 CRITICAL Maximum execution time of 60 seconds exceeded in W:\domains\bestbuy\wp-includes\blocks.php on line 356

2023-12-27T12:19:25+00:00 CRITICAL Maximum execution time of 60 seconds exceeded in W:\domains\bestbuy\wp-includes\blocks.php on line 356

2023-12-27T12:20:44+00:00 CRITICAL Maximum execution time of 60 seconds exceeded in W:\domains\bestbuy\wp-includes\class-wpdb.php on line 2349

2023-12-27T12:39:46+00:00 CRITICAL Maximum execution time of 60 seconds exceeded in W:\domains\bestbuy\wp-includes\rest-api.php on line 107

2023-12-27T12:39:46+00:00 CRITICAL Maximum execution time of 60 seconds exceeded in W:\domains\bestbuy\wp-admin\includes\file.php on line 2254

2023-12-27T12:39:46+00:00 CRITICAL Maximum execution time of 60 seconds exceeded in W:\domains\bestbuy\wp-includes\rest-api.php on line 3312

2023-12-27T12:40:01+00:00 CRITICAL Maximum execution time of 60 seconds exceeded in W:\domains\bestbuy\wp-includes\class-wp-textdomain-registry.php on line 229

2023-12-27T12:40:02+00:00 CRITICAL Maximum execution time of 60 seconds exceeded in W:\domains\bestbuy\wp-includes\class-wp-textdomain-registry.php on line 229

2023-12-27T12:40:17+00:00 CRITICAL Maximum execution time of 60 seconds exceeded in W:\domains\bestbuy\wp-includes\class-wpdb.php on line 2349

2023-12-27T12:40:17+00:00 CRITICAL Maximum execution time of 60 seconds exceeded in W:\domains\bestbuy\wp-content\plugins\cartflows\modules\landing\class-cartflows-landing.php on line 9

2023-12-27T12:40:50+00:00 CRITICAL Maximum execution time of 60 seconds exceeded in W:\domains\bestbuy\wp-content\themes\astra\inc\compatibility\class-astra-gravity-forms.php on line 9

2023-12-27T12:40:52+00:00 CRITICAL Maximum execution time of 60 seconds exceeded in W:\domains\bestbuy\wp-includes\general-template.php on line 913

2023-12-27T12:40:52+00:00 CRITICAL Maximum execution time of 60 seconds exceeded in W:\domains\bestbuy\wp-content\themes\astra\inc\dynamic-css\custom-menu-old-header.php on line 9

2023-12-27T12:41:06+00:00 CRITICAL Maximum execution time of 60 seconds exceeded in W:\domains\bestbuy\wp-content\themes\astra\inc\compatibility\woocommerce\woocommerce-common-functions.php on line 14

2023-12-27T12:41:06+00:00 CRITICAL Maximum execution time of 60 seconds exceeded in W:\domains\bestbuy\wp-content\themes\astra\inc\metabox\class-astra-meta-boxes.php on line 12

2023-12-27T12:41:24+00:00 CRITICAL Maximum execution time of 60 seconds exceeded in W:\domains\bestbuy\wp-content\plugins\elementor\includes\autoloader.php on line 293

2023-12-27T12:41:53+00:00 CRITICAL Maximum execution time of 60 seconds exceeded in W:\domains\bestbuy\wp-content\plugins\woocommerce\packages\woocommerce-blocks\src\BlockTypes\AbstractDynamicBlock.php on line 93

2023-12-27T12:41:53+00:00 CRITICAL Maximum execution time of 60 seconds exceeded in W:\domains\bestbuy\wp-content\plugins\contact-form-7\includes\swv\rules\minfilesize.php on line 41

2023-12-27T12:42:02+00:00 CRITICAL Maximum execution time of 60 seconds exceeded in W:\domains\bestbuy\wp-includes\Requests\src\Transport\Curl.php on line 205

2023-12-27T12:44:47+00:00 CRITICAL Maximum execution time of 60 seconds exceeded in W:\domains\bestbuy\wp-content\plugins\woocommerce\includes\rest-api\Controllers\Version1\class-wc-rest-coupons-v1-controller.php on line 15

2023-12-27T12:45:36+00:00 CRITICAL Maximum execution time of 60 seconds exceeded in W:\domains\bestbuy\wp-includes\functions.php on line 6805

2023-12-27T12:45:37+00:00 CRITICAL Maximum execution time of 60 seconds exceeded in W:\domains\bestbuy\wp-includes\functions.php on line 4593

2023-12-27T12:45:37+00:00 CRITICAL Maximum execution time of 60 seconds exceeded in W:\domains\bestbuy\wp-includes\blocks.php on line 361

2023-12-27T12:45:46+00:00 CRITICAL Maximum execution time of 60 seconds exceeded in W:\domains\bestbuy\wp-content\plugins\woocommerce\packages\woocommerce-blocks\src\BlockTypes\AbstractBlock.php on line 185

2023-12-27T12:45:48+00:00 CRITICAL Maximum execution time of 60 seconds exceeded in W:\domains\bestbuy\wp-includes\Requests\src\Transport\Curl.php on line 205

2023-12-27T12:57:24+00:00 CRITICAL Maximum execution time of 60 seconds exceeded in W:\domains\bestbuy\wp-content\plugins\contact-form-7\includes\swv\swv.php on line 51

2023-12-27T12:57:37+00:00 CRITICAL Maximum execution time of 60 seconds exceeded in W:\domains\bestbuy\wp-content\themes\astra\inc\compatibility\edd\class-astra-edd.php on line 11

2023-12-27T12:57:44+00:00 CRITICAL Maximum execution time of 60 seconds exceeded in W:\domains\bestbuy\wp-content\plugins\woo-cart-abandonment-recovery\modules\cart-abandonment\classes\class-cartflows-ca-module-loader.php on line 67

2023-12-27T12:57:44+00:00 CRITICAL Maximum execution time of 60 seconds exceeded in W:\domains\bestbuy\wp-includes\class-wp-textdomain-registry.php on line 229

2023-12-27T12:57:43+00:00 CRITICAL Maximum execution time of 60 seconds exceeded in W:\domains\bestbuy\wp-content\plugins\cartflows\modules\woo-dynamic-flow\classes\class-cartflows-wd-flow-product-meta.php on line 217

2023-12-27T12:57:46+00:00 CRITICAL Maximum execution time of 60 seconds exceeded in W:\domains\bestbuy\wp-content\themes\astra\inc\modules\posts-structures\class-astra-posts-structure-loader.php on line 12

2023-12-27T12:57:48+00:00 CRITICAL Maximum execution time of 60 seconds exceeded in W:\domains\bestbuy\wp-content\themes\astra\inc\compatibility\class-astra-elementor.php on line 17

2023-12-27T12:58:47+00:00 CRITICAL Maximum execution time of 60 seconds exceeded in W:\domains\bestbuy\wp-includes\l10n.php on line 783

2023-12-27T12:58:49+00:00 CRITICAL Maximum execution time of 60 seconds exceeded in W:\domains\bestbuy\wp-content\plugins\woocommerce\packages\woocommerce-blocks\src\Assets\Api.php on line 112

2023-12-27T12:58:59+00:00 CRITICAL Maximum execution time of 60 seconds exceeded in W:\domains\bestbuy\wp-content\themes\astra\inc\modules\related-posts\css\static-css.php on line 10

2023-12-27T12:59:02+00:00 CRITICAL Maximum execution time of 60 seconds exceeded in W:\domains\bestbuy\wp-content\themes\astra\inc\compatibility\class-astra-yoast-seo.php on line 38

2023-12-27T12:59:03+00:00 CRITICAL Maximum execution time of 60 seconds exceeded in W:\domains\bestbuy\wp-includes\class-wp-hook.php on line 93

2023-12-27T12:59:06+00:00 CRITICAL Maximum execution time of 60 seconds exceeded in W:\domains\bestbuy\wp-content\themes\astra\inc\builder\markup\class-astra-builder-footer.php on line 51

2023-12-27T12:59:30+00:00 CRITICAL Maximum execution time of 60 seconds exceeded in W:\domains\bestbuy\wp-content\plugins\woocommerce\packages\woocommerce-blocks\src\Domain\Package.php on line 94

2023-12-27T13:05:42+00:00 CRITICAL Maximum execution time of 60 seconds exceeded in W:\domains\bestbuy\wp-content\plugins\elementor\includes\autoloader.php on line 293

2023-12-27T13:05:48+00:00 CRITICAL Maximum execution time of 60 seconds exceeded in W:\domains\bestbuy\wp-includes\functions.php on line 650

2023-12-27T13:05:51+00:00 CRITICAL Maximum execution time of 60 seconds exceeded in W:\domains\bestbuy\wp-content\plugins\elementor\core\files\manager.php on line 12

2023-12-27T13:05:52+00:00 CRITICAL Maximum execution time of 60 seconds exceeded in W:\domains\bestbuy\wp-content\themes\astra\inc\core\builder\class-astra-builder-options.php on line 2048

2023-12-27T13:05:53+00:00 CRITICAL Maximum execution time of 60 seconds exceeded in W:\domains\bestbuy\wp-content\themes\astra\inc\core\builder\class-astra-builder-options.php on line 1293

2023-12-27T13:06:03+00:00 CRITICAL Maximum execution time of 60 seconds exceeded in W:\domains\bestbuy\wp-includes\blocks.php on line 356

2023-12-27T13:06:03+00:00 CRITICAL Maximum execution time of 60 seconds exceeded in W:\domains\bestbuy\wp-content\plugins\woocommerce\includes\class-wc-regenerate-images-request.php on line 12

2023-12-27T13:06:58+00:00 CRITICAL Maximum execution time of 60 seconds exceeded in W:\domains\bestbuy\wp-content\plugins\elementor\includes\base\element-base.php on line 6

2023-12-27T13:07:01+00:00 CRITICAL Maximum execution time of 60 seconds exceeded in W:\domains\bestbuy\wp-content\themes\astra\inc\compatibility\class-astra-contact-form-7.php on line 9

2023-12-27T13:07:01+00:00 CRITICAL Maximum execution time of 60 seconds exceeded in W:\domains\bestbuy\wp-content\themes\astra\inc\addons\breadcrumbs\class-astra-breadcrumb-trail.php on line 25

2023-12-27T13:07:02+00:00 CRITICAL Maximum execution time of 60 seconds exceeded in W:\domains\bestbuy\wp-content\themes\astra\inc\builder\markup\class-astra-builder-footer.php on line 9

2023-12-27T13:07:08+00:00 CRITICAL Maximum execution time of 60 seconds exceeded in W:\domains\bestbuy\wp-content\themes\astra\inc\builder\type\header\mobile-trigger\class-astra-mobile-trigger.php on line 12

2023-12-27T13:07:08+00:00 CRITICAL Maximum execution time of 60 seconds exceeded in W:\domains\bestbuy\wp-includes\functions.php on line 650

2023-12-27T13:19:28+00:00 CRITICAL Maximum execution time of 60 seconds exceeded in W:\domains\bestbuy\wp-content\plugins\woocommerce\i18n\countries.php on line 17

2023-12-27T13:19:33+00:00 CRITICAL Maximum execution time of 60 seconds exceeded in W:\domains\bestbuy\wp-content\plugins\elementor\includes\autoloader.php on line 293

2023-12-27T13:19:33+00:00 CRITICAL Maximum execution time of 60 seconds exceeded in W:\domains\bestbuy\wp-includes\general-template.php on line 913

2023-12-27T13:19:40+00:00 CRITICAL Maximum execution time of 60 seconds exceeded in W:\domains\bestbuy\wp-includes\plugin.php on line 183

2023-12-27T13:19:40+00:00 CRITICAL Maximum execution time of 60 seconds exceeded in W:\domains\bestbuy\wp-includes\blocks\blocks-json.php on line 3

2023-12-27T13:19:44+00:00 CRITICAL Maximum execution time of 60 seconds exceeded in W:\domains\bestbuy\wp-admin\includes\class-wp-importer.php on line 328

2023-12-27T13:20:34+00:00 CRITICAL Maximum execution time of 60 seconds exceeded in W:\domains\bestbuy\wp-content\plugins\elementor\includes\autoloader.php on line 293

2023-12-27T13:20:43+00:00 CRITICAL Maximum execution time of 60 seconds exceeded in W:\domains\bestbuy\wp-content\plugins\elementor\includes\autoloader.php on line 293

2023-12-27T13:20:45+00:00 CRITICAL Maximum execution time of 60 seconds exceeded in W:\domains\bestbuy\wp-includes\functions.php on line 650

2023-12-27T13:20:45+00:00 CRITICAL Maximum execution time of 60 seconds exceeded in W:\domains\bestbuy\wp-includes\functions.php on line 650

2023-12-27T13:20:45+00:00 CRITICAL Maximum execution time of 60 seconds exceeded in W:\domains\bestbuy\wp-includes\functions.php on line 650

2023-12-27T13:20:51+00:00 CRITICAL Maximum execution time of 60 seconds exceeded in W:\domains\bestbuy\wp-content\plugins\woocommerce\i18n\countries.php on line 17

2023-12-27T13:25:44+00:00 CRITICAL Maximum execution time of 60 seconds exceeded in W:\domains\bestbuy\wp-includes\blocks.php on line 377

2023-12-27T13:26:06+00:00 CRITICAL Maximum execution time of 60 seconds exceeded in W:\domains\bestbuy\wp-includes\plugin.php on line 122

2023-12-27T13:26:06+00:00 CRITICAL Maximum execution time of 60 seconds exceeded in W:\domains\bestbuy\wp-content\themes\astra\inc\modules\posts-structures\class-astra-posts-structure-loader.php on line 12

2023-12-27T13:26:16+00:00 CRITICAL Maximum execution time of 60 seconds exceeded in W:\domains\bestbuy\wp-content\plugins\woocommerce\includes\wc-template-functions.php on line 76

2023-12-27T13:26:27+00:00 CRITICAL Maximum execution time of 60 seconds exceeded in W:\domains\bestbuy\wp-content\plugins\elementor\includes\autoloader.php on line 293

2023-12-27T13:26:27+00:00 CRITICAL Maximum execution time of 60 seconds exceeded in W:\domains\bestbuy\wp-content\plugins\elementor\core\utils\static-collection.php on line 4

2023-12-27T13:26:27+00:00 CRITICAL Maximum execution time of 60 seconds exceeded in W:\domains\bestbuy\wp-content\plugins\elementor\modules\system-info\module.php on line 11

2023-12-27T13:26:38+00:00 CRITICAL Maximum execution time of 60 seconds exceeded in W:\domains\bestbuy\wp-includes\Requests\src\Transport\Curl.php on line 205

2023-12-27T13:27:18+00:00 CRITICAL Maximum execution time of 60 seconds exceeded in W:\domains\bestbuy\wp-includes\class-wp-dependencies.php on line 273

2023-12-27T13:27:18+00:00 CRITICAL Maximum execution time of 60 seconds exceeded in W:\domains\bestbuy\wp-includes\Requests\src\Transport\Curl.php on line 205

2023-12-27T13:27:36+00:00 CRITICAL Maximum execution time of 60 seconds exceeded in W:\domains\bestbuy\wp-includes\functions.php on line 2124

2023-12-27T13:27:40+00:00 CRITICAL Maximum execution time of 60 seconds exceeded in W:\domains\bestbuy\wp-includes\blocks.php on line 356

2023-12-27T13:28:04+00:00 CRITICAL Maximum execution time of 60 seconds exceeded in W:\domains\bestbuy\wp-content\plugins\elementor\core\documents-manager.php on line 12

2023-12-27T13:28:04+00:00 CRITICAL Maximum execution time of 60 seconds exceeded in W:\domains\bestbuy\wp-content\plugins\elementor\modules\element-manager\module.php on line 8

2023-12-27T13:28:04+00:00 CRITICAL Maximum execution time of 60 seconds exceeded in W:\domains\bestbuy\wp-content\plugins\elementor\includes\autoloader.php on line 293

2023-12-27T13:47:50+00:00 CRITICAL Maximum execution time of 60 seconds exceeded in W:\domains\bestbuy\wp-admin\includes\theme.php on line 1251

2023-12-27T13:48:02+00:00 CRITICAL Maximum execution time of 60 seconds exceeded in W:\domains\bestbuy\wp-includes\functions.php on line 4593

2023-12-27T13:48:04+00:00 CRITICAL Maximum execution time of 60 seconds exceeded in W:\domains\bestbuy\wp-includes\functions.php on line 4593

2023-12-27T13:48:12+00:00 CRITICAL Maximum execution time of 60 seconds exceeded in W:\domains\bestbuy\wp-content\plugins\elementor\core\files\file-types\zip.php on line 8

2023-12-27T13:48:12+00:00 CRITICAL Maximum execution time of 60 seconds exceeded in W:\domains\bestbuy\wp-content\plugins\elementor\includes\autoloader.php on line 293

2023-12-27T13:48:13+00:00 CRITICAL Maximum execution time of 60 seconds exceeded in W:\domains\bestbuy\wp-content\plugins\elementor\includes\autoloader.php on line 293

2023-12-27T14:01:07+00:00 CRITICAL Maximum execution time of 60 seconds exceeded in W:\domains\bestbuy\wp-includes\class-wpdb.php on line 2349

2023-12-27T14:01:07+00:00 CRITICAL Maximum execution time of 60 seconds exceeded in W:\domains\bestbuy\wp-includes\class-wpdb.php on line 2349

2023-12-27T14:01:07+00:00 CRITICAL Maximum execution time of 60 seconds exceeded in W:\domains\bestbuy\wp-includes\class-wpdb.php on line 2349

2023-12-27T14:01:08+00:00 CRITICAL Maximum execution time of 60 seconds exceeded in W:\domains\bestbuy\wp-includes\class-wpdb.php on line 2349

2023-12-27T14:01:08+00:00 CRITICAL Maximum execution time of 60 seconds exceeded in W:\domains\bestbuy\wp-includes\class-wpdb.php on line 2349

2023-12-27T15:39:30+00:00 CRITICAL Maximum execution time of 60 seconds exceeded у W:\domains\bestbuy\wp-content\plugins\woocommerce\includes\admin\views\html-notice-secure-connection.php доступно 11

2023-12-27T16:37:03+00:00 CRITICAL Maximum execution time of 60 seconds exceeded у W:\domains\bestbuy\wp-content\themes\astra\inc\core\common-functions.php доступно 12

2023-12-27T16:37:34+00:00 CRITICAL Maximum execution time of 60 seconds exceeded у W:\domains\bestbuy\wp-includes\functions.php доступно 649

2023-12-27T16:37:46+00:00 CRITICAL Maximum execution time of 60 seconds exceeded у W:\domains\bestbuy\wp-content\plugins\elementor\modules\system-info\system-info-menu-item.php доступно 8

2023-12-27T16:44:00+00:00 CRITICAL Maximum execution time of 60 seconds exceeded in W:\domains\bestbuy\wp-includes\Requests\src\Transport\Curl.php on line 205

2023-12-27T16:44:01+00:00 CRITICAL Maximum execution time of 60 seconds exceeded у W:\domains\bestbuy\wp-content\themes\astra\inc\customizer\configurations\builder\header\class-astra-customizer-primary-header-configs.php доступно 13

2023-12-27T16:44:28+00:00 CRITICAL Maximum execution time of 60 seconds exceeded у W:\domains\bestbuy\wp-includes\class-wp-scripts.php доступно 687

2023-12-27T16:44:52+00:00 CRITICAL Maximum execution time of 60 seconds exceeded in W:\domains\bestbuy\wp-includes\pomo\mo.php on line 285

2023-12-27T16:44:57+00:00 CRITICAL Maximum execution time of 60 seconds exceeded у W:\domains\bestbuy\wp-content\plugins\elementor\includes\autoloader.php доступно 293

2023-12-27T16:45:03+00:00 CRITICAL Maximum execution time of 60 seconds exceeded у W:\domains\bestbuy\wp-content\plugins\elementor\modules\usage\module.php доступно 12

2023-12-27T16:45:10+00:00 CRITICAL Maximum execution time of 60 seconds exceeded у W:\domains\bestbuy\wp-content\themes\astra\inc\compatibility\class-astra-contact-form-7.php доступно 9

2023-12-27T16:45:14+00:00 CRITICAL Maximum execution time of 60 seconds exceeded у W:\domains\bestbuy\wp-includes\l10n.php доступно 783

2023-12-27T16:45:14+00:00 CRITICAL Maximum execution time of 60 seconds exceeded у W:\domains\bestbuy\wp-content\themes\astra\inc\core\builder\class-astra-builder-helper.php доступно 9

2023-12-27T16:45:39+00:00 CRITICAL Maximum execution time of 60 seconds exceeded у W:\domains\bestbuy\wp-includes\class-wp-hook.php доступно 83

2023-12-27T16:45:39+00:00 CRITICAL Maximum execution time of 60 seconds exceeded у W:\domains\bestbuy\wp-content\themes\astra\inc\customizer\class-astra-builder-customizer.php доступно 54

2023-12-27T16:45:39+00:00 CRITICAL Maximum execution time of 60 seconds exceeded у W:\domains\bestbuy\wp-includes\class-wpdb.php доступно 2349

2023-12-27T16:45:39+00:00 CRITICAL Maximum execution time of 60 seconds exceeded у W:\domains\bestbuy\wp-content\plugins\elementor\includes\base\controls-stack.php доступно 8

2023-12-27T16:47:18+00:00 CRITICAL Maximum execution time of 60 seconds exceeded у W:\domains\bestbuy\wp-content\plugins\cartflows\compatibilities\themes\astra\class-cartflows-astra-compatibility.php доступно 9

2023-12-27T16:47:23+00:00 CRITICAL Maximum execution time of 60 seconds exceeded у W:\domains\bestbuy\wp-includes\l10n.php доступно 1250

2023-12-27T16:47:23+00:00 CRITICAL Maximum execution time of 60 seconds exceeded у W:\domains\bestbuy\wp-content\plugins\woocommerce\packages\woocommerce-blocks\src\Assets\Api.php доступно 112

2023-12-27T16:47:25+00:00 CRITICAL Maximum execution time of 60 seconds exceeded у W:\domains\bestbuy\wp-includes\functions.php доступно 4579

2023-12-27T16:54:57+00:00 CRITICAL Maximum execution time of 60 seconds exceeded у W:\domains\bestbuy\wp-includes\class-wpdb.php доступно 2349

2023-12-27T16:55:26+00:00 CRITICAL Maximum execution time of 60 seconds exceeded у W:\domains\bestbuy\wp-includes\class-wp-hook.php доступно 97

2023-12-27T16:55:26+00:00 CRITICAL Maximum execution time of 60 seconds exceeded у W:\domains\bestbuy\wp-content\plugins\woocommerce\packages\woocommerce-blocks\src\BlockTypes\AbstractBlock.php доступно 185

2023-12-27T16:55:26+00:00 CRITICAL Maximum execution time of 60 seconds exceeded у W:\domains\bestbuy\wp-content\plugins\polylang\include\filters-sanitization.php доступно 107

2023-12-27T16:55:26+00:00 CRITICAL Maximum execution time of 60 seconds exceeded у W:\domains\bestbuy\wp-content\plugins\woocommerce\packages\woocommerce-blocks\src\BlockTypes\PriceFilter.php доступно 18

2023-12-27T16:55:26+00:00 CRITICAL Maximum execution time of 60 seconds exceeded у W:\domains\bestbuy\wp-content\plugins\elementor\includes\autoloader.php доступно 293

2023-12-27T16:55:26+00:00 CRITICAL Maximum execution time of 60 seconds exceeded у W:\domains\bestbuy\wp-content\plugins\elementor\includes\controls\groups\typography.php доступно 6

2023-12-27T17:04:07+00:00 CRITICAL Maximum execution time of 60 seconds exceeded у W:\domains\bestbuy\wp-includes\class-wpdb.php доступно 2349

2023-12-27T17:04:14+00:00 CRITICAL Maximum execution time of 60 seconds exceeded у W:\domains\bestbuy\wp-content\themes\astra\inc\builder\type\header\widget\class-astra-header-widget-component.php доступно 12

2023-12-27T17:04:33+00:00 CRITICAL Maximum execution time of 60 seconds exceeded у W:\domains\bestbuy\wp-content\themes\astra\inc\core\class-astra-wp-editor-css.php доступно 14

2023-12-27T17:04:41+00:00 CRITICAL Maximum execution time of 60 seconds exceeded у W:\domains\bestbuy\wp-includes\functions.php доступно 6728

2023-12-27T17:04:41+00:00 CRITICAL Maximum execution time of 60 seconds exceeded у W:\domains\bestbuy\wp-content\plugins\cartflows\admin-core\ajax\ajax-base.php доступно 11

2023-12-27T17:07:11+00:00 CRITICAL Maximum execution time of 60 seconds exceeded у W:\domains\bestbuy\wp-includes\pomo\mo.php доступно 320

2023-12-27T17:07:11+00:00 CRITICAL Maximum execution time of 60 seconds exceeded у W:\domains\bestbuy\wp-includes\pomo\streams.php доступно 229

2023-12-27T17:07:14+00:00 CRITICAL Maximum execution time of 60 seconds exceeded у W:\domains\bestbuy\wp-content\plugins\woo-cart-abandonment-recovery\classes\class-cartflows-ca-tabs.php доступно 8

2023-12-27T17:07:30+00:00 CRITICAL Maximum execution time of 60 seconds exceeded у W:\domains\bestbuy\wp-content\plugins\cartflows\admin-core\ajax\common-settings.php доступно 11

2023-12-27T17:07:31+00:00 CRITICAL Maximum execution time of 60 seconds exceeded у W:\domains\bestbuy\wp-content\plugins\cartflows\modules\woo-dynamic-flow\class-cartflows-woo-dynamic-flow.php доступно 8

2023-12-27T17:09:20+00:00 CRITICAL Maximum execution time of 60 seconds exceeded у W:\domains\bestbuy\wp-content\plugins\cartflows\modules\thankyou\class-cartflows-thankyou.php доступно 9

2023-12-27T17:09:21+00:00 CRITICAL Maximum execution time of 60 seconds exceeded у W:\domains\bestbuy\wp-content\plugins\cartflows\modules\gutenberg\classes\class-cartflows-gb-helper.php доступно 8

2023-12-27T17:09:22+00:00 CRITICAL Maximum execution time of 60 seconds exceeded у W:\domains\bestbuy\wp-includes\plugin.php доступно 205

2023-12-27T17:09:22+00:00 CRITICAL Maximum execution time of 60 seconds exceeded у W:\domains\bestbuy\wp-content\plugins\woo-cart-abandonment-recovery\modules\cart-abandonment\classes\class-cartflows-ca-email-schedule.php доступно 8

2023-12-27T17:09:25+00:00 CRITICAL Maximum execution time of 60 seconds exceeded у W:\domains\bestbuy\wp-content\plugins\woo-cart-abandonment-recovery\modules\cart-abandonment\classes\class-cartflows-ca-email-templates-table.php доступно 8

2023-12-27T17:11:55+00:00 CRITICAL Maximum execution time of 60 seconds exceeded у W:\domains\bestbuy\wp-content\plugins\astra-sites\inc\importers\wxr-importer\class-wxr-importer.php доступно 22

2023-12-27T17:12:04+00:00 CRITICAL Maximum execution time of 60 seconds exceeded у W:\domains\bestbuy\wp-includes\class-wpdb.php доступно 2349

2023-12-27T17:12:04+00:00 CRITICAL Maximum execution time of 60 seconds exceeded у W:\domains\bestbuy\wp-admin\includes\plugin.php доступно 334

2023-12-27T17:12:30+00:00 CRITICAL Maximum execution time of 60 seconds exceeded у W:\domains\bestbuy\wp-content\plugins\cartflows\classes\class-cartflows-logger.php доступно 9

2023-12-27T17:12:30+00:00 CRITICAL Maximum execution time of 60 seconds exceeded у W:\domains\bestbuy\wp-content\plugins\cartflows\classes\class-cartflows-admin.php доступно 9

2023-12-27T17:15:21+00:00 CRITICAL Maximum execution time of 60 seconds exceeded у W:\domains\bestbuy\wp-includes\blocks.php доступно 602

2023-12-27T17:15:34+00:00 CRITICAL Maximum execution time of 60 seconds exceeded in W:\domains\bestbuy\wp-includes\pomo\mo.php on line 322

2023-12-27T17:15:40+00:00 CRITICAL Maximum execution time of 60 seconds exceeded у W:\domains\bestbuy\wp-content\plugins\elementor\includes\autoloader.php доступно 293

2023-12-27T17:20:46+00:00 CRITICAL Maximum execution time of 60 seconds exceeded у W:\domains\bestbuy\wp-includes\class-wpdb.php доступно 2349

2023-12-27T17:21:27+00:00 CRITICAL Maximum execution time of 60 seconds exceeded у W:\domains\bestbuy\wp-content\plugins\woocommerce\src\Admin\WCAdminHelper.php доступно 10

2023-12-27T17:21:49+00:00 CRITICAL Maximum execution time of 60 seconds exceeded у W:\domains\bestbuy\wp-content\plugins\woocommerce\includes\rest-api\Controllers\Version3\class-wc-rest-controller.php доступно 19

2023-12-27T17:21:51+00:00 CRITICAL Maximum execution time of 60 seconds exceeded у W:\domains\bestbuy\wp-includes\Requests\src\Transport\Curl.php доступно 510

2023-12-27T17:40:27+00:00 CRITICAL Maximum execution time of 60 seconds exceeded у W:\domains\bestbuy\wp-includes\class-wpdb.php доступно 1283

2023-12-27T17:40:35+00:00 CRITICAL Maximum execution time of 60 seconds exceeded у W:\domains\bestbuy\wp-content\plugins\elementor\includes\utils.php доступно 6

2023-12-27T17:41:12+00:00 CRITICAL Maximum execution time of 60 seconds exceeded у W:\domains\bestbuy\wp-includes\functions.php доступно 4579

2023-12-27T17:41:20+00:00 CRITICAL Maximum execution time of 60 seconds exceeded у W:\domains\bestbuy\wp-content\plugins\woocommerce\packages\woocommerce-blocks\src\Assets\Api.php доступно 112

2023-12-27T17:42:25+00:00 CRITICAL Maximum execution time of 60 seconds exceeded у W:\domains\bestbuy\wp-includes\class-wpdb.php доступно 2349

2023-12-27T17:42:31+00:00 CRITICAL Maximum execution time of 60 seconds exceeded у W:\domains\bestbuy\wp-content\plugins\woocommerce\src\Internal\Admin\RemoteFreeExtensions\EvaluateExtension.php доступно 8

2023-12-27T17:59:29+00:00 CRITICAL Maximum execution time of 60 seconds exceeded у W:\domains\bestbuy\wp-admin\includes\file.php доступно 2283

2023-12-27T17:59:35+00:00 CRITICAL Maximum execution time of 60 seconds exceeded у W:\domains\bestbuy\wp-content\themes\astra\inc\blog\blog.php доступно 8

2023-12-27T17:59:35+00:00 CRITICAL Maximum execution time of 60 seconds exceeded у W:\domains\bestbuy\wp-content\themes\astra\inc\dynamic-css\global-color-palette.php доступно 9

2023-12-27T17:59:37+00:00 CRITICAL Maximum execution time of 60 seconds exceeded у W:\domains\bestbuy\wp-content\themes\astra\inc\class-astra-dynamic-css.php доступно 13

2023-12-27T18:08:52+00:00 CRITICAL Maximum execution time of 60 seconds exceeded у W:\domains\bestbuy\wp-content\plugins\cartflows\classes\logger\class-cartflows-logger-interface.php доступно 9

2023-12-27T18:08:53+00:00 CRITICAL Maximum execution time of 60 seconds exceeded у W:\domains\bestbuy\wp-content\plugins\cartflows\modules\checkout\classes\class-cartflows-checkout-markup.php доступно 9

2023-12-27T18:08:59+00:00 CRITICAL Maximum execution time of 60 seconds exceeded у W:\domains\bestbuy\wp-content\plugins\woocommerce\src\Internal\Admin\Notes\WooCommercePayments.php доступно 10

2023-12-27T18:08:59+00:00 CRITICAL Maximum execution time of 60 seconds exceeded у W:\domains\bestbuy\wp-content\plugins\woocommerce\includes\class-wc-autoloader.php доступно 53

2023-12-27T18:09:37+00:00 CRITICAL Maximum execution time of 60 seconds exceeded у W:\domains\bestbuy\wp-includes\l10n.php доступно 1250

2023-12-27T18:09:49+00:00 CRITICAL Maximum execution time of 60 seconds exceeded у W:\domains\bestbuy\wp-includes\taxonomy.php доступно 1027

2023-12-27T18:10:02+00:00 CRITICAL Maximum execution time of 60 seconds exceeded у W:\domains\bestbuy\wp-content\plugins\woocommerce\includes\rest-api\Controllers\Version3\class-wc-rest-controller.php доступно 19

2023-12-27T18:10:20+00:00 CRITICAL Maximum execution time of 60 seconds exceeded у W:\domains\bestbuy\wp-content\plugins\variation-swatches-woo\admin\product-config.php доступно 21

2023-12-27T18:10:21+00:00 CRITICAL Maximum execution time of 60 seconds exceeded у W:\domains\bestbuy\wp-content\plugins\woocommerce\src\Internal\Admin\WCPayPromotion\Init.php доступно 8

2023-12-27T18:10:25+00:00 CRITICAL Maximum execution time of 60 seconds exceeded у W:\domains\bestbuy\wp-content\plugins\astra-sites\inc\classes\batch-import\class-astra-sites-batch-site-import.php доступно 9

2023-12-27T18:10:25+00:00 CRITICAL Maximum execution time of 60 seconds exceeded у W:\domains\bestbuy\wp-includes\pomo\entry.php доступно 100

2023-12-27T18:10:38+00:00 CRITICAL Maximum execution time of 60 seconds exceeded у W:\domains\bestbuy\wp-content\plugins\polylang\include\widget-languages.php доступно 142

2023-12-27T18:12:04+00:00 CRITICAL Maximum execution time of 60 seconds exceeded у W:\domains\bestbuy\wp-content\plugins\elementor\includes\autoloader.php доступно 293

2023-12-27T18:12:15+00:00 CRITICAL Maximum execution time of 60 seconds exceeded у W:\domains\bestbuy\wp-content\themes\astra\inc\core\class-astra-wp-editor-css.php доступно 14

2023-12-27T18:12:16+00:00 CRITICAL Maximum execution time of 60 seconds exceeded у W:\domains\bestbuy\wp-content\themes\astra\inc\widgets.php доступно 12

2023-12-27T18:12:16+00:00 CRITICAL Maximum execution time of 60 seconds exceeded у W:\domains\bestbuy\wp-content\themes\astra\inc\compatibility\class-astra-jetpack.php доступно 11

2023-12-27T18:14:39+00:00 CRITICAL Maximum execution time of 60 seconds exceeded у W:\domains\bestbuy\wp-includes\l10n.php доступно 1250

2023-12-27T18:14:56+00:00 CRITICAL Maximum execution time of 60 seconds exceeded у W:\domains\bestbuy\wp-includes\plugin.php доступно 205

2023-12-27T18:15:02+00:00 CRITICAL Maximum execution time of 60 seconds exceeded у W:\domains\bestbuy\wp-includes\class-wp-hook.php доступно 102

2023-12-27T18:23:21+00:00 CRITICAL Maximum execution time of 60 seconds exceeded у W:\domains\bestbuy\wp-includes\l10n.php доступно 1456

2023-12-27T18:23:25+00:00 CRITICAL Maximum execution time of 60 seconds exceeded у W:\domains\bestbuy\wp-includes\l10n.php доступно 1456

2023-12-27T18:26:19+00:00 CRITICAL Maximum execution time of 60 seconds exceeded у W:\domains\bestbuy\wp-includes\class-wpdb.php доступно 2349

2023-12-27T18:29:13+00:00 CRITICAL Maximum execution time of 60 seconds exceeded у W:\domains\bestbuy\wp-includes\blocks.php доступно 377

2023-12-27T18:31:25+00:00 CRITICAL Maximum execution time of 60 seconds exceeded у W:\domains\bestbuy\wp-content\plugins\contact-form-7\includes\swv\rules\maxdate.php доступно 43

2023-12-27T18:31:49+00:00 CRITICAL Maximum execution time of 60 seconds exceeded у W:\domains\bestbuy\wp-content\plugins\elementor\includes\autoloader.php доступно 293

2023-12-27T18:32:13+00:00 CRITICAL Maximum execution time of 60 seconds exceeded у W:\domains\bestbuy\wp-content\plugins\elementor\includes\autoloader.php доступно 293

2023-12-27T18:32:18+00:00 CRITICAL Maximum execution time of 60 seconds exceeded у W:\domains\bestbuy\wp-includes\functions.php доступно 650

2023-12-27T18:32:29+00:00 CRITICAL Maximum execution time of 60 seconds exceeded у W:\domains\bestbuy\wp-content\plugins\elementor\includes\autoloader.php доступно 293

2023-12-27T18:33:23+00:00 CRITICAL Maximum execution time of 60 seconds exceeded у W:\domains\bestbuy\wp-content\plugins\woocommerce\src\Admin\Features\OnboardingTasks\TaskLists.php доступно 460

2023-12-27T18:34:24+00:00 CRITICAL Maximum execution time of 60 seconds exceeded у W:\domains\bestbuy\wp-content\plugins\elementor\includes\autoloader.php доступно 293

2023-12-27T18:34:24+00:00 CRITICAL Maximum execution time of 60 seconds exceeded у W:\domains\bestbuy\wp-content\plugins\elementor\modules\kit-elements-defaults\usage.php доступно 6

2023-12-27T18:34:26+00:00 CRITICAL Maximum execution time of 60 seconds exceeded у W:\domains\bestbuy\wp-includes\class-wpdb.php доступно 2349

2023-12-27T18:36:59+00:00 CRITICAL Maximum execution time of 60 seconds exceeded у W:\domains\bestbuy\wp-includes\class-wpdb.php доступно 2349

2023-12-27T18:37:00+00:00 CRITICAL Maximum execution time of 60 seconds exceeded у W:\domains\bestbuy\wp-includes\class-wpdb.php доступно 2349

2023-12-27T18:40:15+00:00 CRITICAL Maximum execution time of 60 seconds exceeded у W:\domains\bestbuy\wp-content\plugins\woocommerce\src\Admin\API\ProductsLowInStock.php доступно 10

2023-12-27T18:41:15+00:00 CRITICAL Maximum execution time of 60 seconds exceeded у W:\domains\bestbuy\wp-includes\l10n.php доступно 1250

2023-12-27T18:41:16+00:00 CRITICAL Maximum execution time of 60 seconds exceeded у W:\domains\bestbuy\wp-includes\l10n.php доступно 1250

2023-12-27T18:41:16+00:00 CRITICAL Maximum execution time of 60 seconds exceeded у W:\domains\bestbuy\wp-includes\functions.php доступно 4579

2023-12-27T18:41:17+00:00 CRITICAL Maximum execution time of 60 seconds exceeded у W:\domains\bestbuy\wp-includes\functions.php доступно 4593

2023-12-27T18:41:21+00:00 CRITICAL Maximum execution time of 60 seconds exceeded у W:\domains\bestbuy\wp-includes\functions.php доступно 4593

2023-12-27T18:41:48+00:00 CRITICAL Maximum execution time of 60 seconds exceeded у W:\domains\bestbuy\wp-content\plugins\woocommerce\packages\woocommerce-blocks\src\StoreApi\Legacy.php доступно 71

2023-12-27T18:46:56+00:00 CRITICAL Maximum execution time of 60 seconds exceeded у W:\domains\bestbuy\wp-includes\option.php доступно 247

2023-12-27T18:47:30+00:00 CRITICAL Maximum execution time of 60 seconds exceeded у W:\domains\bestbuy\wp-includes\functions.php доступно 650

2023-12-27T18:53:16+00:00 CRITICAL Maximum execution time of 60 seconds exceeded у W:\domains\bestbuy\wp-admin\includes\class-wp-filesystem-direct.php доступно 39

2023-12-27T18:54:21+00:00 CRITICAL Maximum execution time of 60 seconds exceeded у W:\domains\bestbuy\wp-includes\l10n.php доступно 1400

2023-12-27T18:54:23+00:00 CRITICAL Maximum execution time of 60 seconds exceeded у W:\domains\bestbuy\wp-content\plugins\woocommerce\packages\woocommerce-blocks\src\StoreApi\Utilities\OrderController.php доступно 743

2023-12-27T18:54:23+00:00 CRITICAL Maximum execution time of 60 seconds exceeded у W:\domains\bestbuy\wp-content\plugins\woocommerce\includes\rest-api\Controllers\Version2\class-wc-rest-order-notes-v2-controller.php доступно 183

2023-12-27T18:54:24+00:00 CRITICAL Maximum execution time of 60 seconds exceeded у W:\domains\bestbuy\wp-includes\class-wp-hook.php доступно 323

2023-12-27T18:54:25+00:00 CRITICAL Maximum execution time of 60 seconds exceeded у W:\domains\bestbuy\wp-includes\plugin.php доступно 179

2023-12-27T18:54:27+00:00 CRITICAL Maximum execution time of 60 seconds exceeded у W:\domains\bestbuy\wp-includes\plugin.php доступно 190

2023-12-27T18:55:07+00:00 CRITICAL Maximum execution time of 60 seconds exceeded у W:\domains\bestbuy\wp-content\themes\astra\inc\class-astra-loop.php доступно 9

2023-12-27T18:55:30+00:00 CRITICAL Maximum execution time of 60 seconds exceeded in W:\domains\bestbuy\wp-includes\pomo\mo.php on line 285

2023-12-27T18:55:34+00:00 CRITICAL Maximum execution time of 60 seconds exceeded in W:\domains\bestbuy\wp-admin\includes\plugin.php on line 334

2023-12-27T18:55:34+00:00 CRITICAL Maximum execution time of 60 seconds exceeded in W:\domains\bestbuy\wp-content\plugins\woocommerce\packages\woocommerce-blocks\src\Templates\CartTemplate.php on line 11

2023-12-27T18:55:37+00:00 CRITICAL Maximum execution time of 60 seconds exceeded in W:\domains\bestbuy\wp-admin\includes\plugin.php on line 105

2023-12-27T18:55:38+00:00 CRITICAL Maximum execution time of 60 seconds exceeded in W:\domains\bestbuy\wp-content\plugins\woocommerce\packages\woocommerce-blocks\src\Registry\AbstractDependencyType.php on line 29

2023-12-27T18:55:44+00:00 CRITICAL Maximum execution time of 60 seconds exceeded in W:\domains\bestbuy\wp-content\plugins\woocommerce\src\Admin\Notes\Notes.php on line 8

2023-12-27T18:55:45+00:00 CRITICAL Maximum execution time of 60 seconds exceeded in W:\domains\bestbuy\wp-content\plugins\woocommerce\vendor\jetpack-autoloader\class-version-loader.php on line 70

2023-12-27T18:55:45+00:00 CRITICAL Maximum execution time of 60 seconds exceeded in W:\domains\bestbuy\wp-content\plugins\woocommerce\src\Admin\Notes\Notes.php on line 8

2023-12-27T18:56:13+00:00 CRITICAL Maximum execution time of 60 seconds exceeded in W:\domains\bestbuy\wp-content\plugins\woocommerce\src\Admin\API\Reports\Customers\DataStore.php on line 8

2023-12-27T18:56:16+00:00 CRITICAL Maximum execution time of 60 seconds exceeded у W:\domains\bestbuy\wp-content\plugins\variation-swatches-woo\plugin-loader.php доступно 68

2023-12-27T18:56:17+00:00 CRITICAL Maximum execution time of 60 seconds exceeded у W:\domains\bestbuy\wp-includes\class-wp-hook.php доступно 324

2023-12-27T18:56:27+00:00 CRITICAL Maximum execution time of 60 seconds exceeded у W:\domains\bestbuy\wp-content\themes\astra\inc\builder\type\base\dynamic-css\social\class-astra-social-component-dynamic-css.php доступно 13

2023-12-27T18:58:28+00:00 CRITICAL Maximum execution time of 60 seconds exceeded у W:\domains\bestbuy\wp-admin\includes\file.php доступно 2262

2023-12-27T19:24:01+00:00 CRITICAL Maximum execution time of 60 seconds exceeded у W:\domains\bestbuy\wp-content\themes\astra\header.php доступно 13

2023-12-27T19:24:01+00:00 CRITICAL Maximum execution time of 60 seconds exceeded у W:\domains\bestbuy\wp-includes\class-wp-hook.php доступно 324

2023-12-27T19:24:06+00:00 CRITICAL Maximum execution time of 60 seconds exceeded у W:\domains\bestbuy\wp-includes\functions.php доступно 650

2023-12-27T19:25:28+00:00 CRITICAL Maximum execution time of 60 seconds exceeded у W:\domains\bestbuy\wp-admin\includes\class-wp-filesystem-direct.php доступно 76

2023-12-27T19:37:32+00:00 CRITICAL Maximum execution time of 60 seconds exceeded у W:\domains\bestbuy\wp-admin\includes\class-wp-filesystem-direct.php доступно 39

2023-12-27T19:42:05+00:00 CRITICAL Maximum execution time of 60 seconds exceeded у W:\domains\bestbuy\wp-admin\includes\class-wp-filesystem-direct.php доступно 76

2023-12-27T19:47:06+00:00 CRITICAL Maximum execution time of 60 seconds exceeded у W:\domains\bestbuy\wp-admin\includes\class-wp-filesystem-direct.php доступно 76

2023-12-27T19:52:16+00:00 CRITICAL Maximum execution time of 60 seconds exceeded у W:\domains\bestbuy\wp-admin\includes\class-wp-filesystem-direct.php доступно 39

2023-12-27T19:57:38+00:00 CRITICAL Maximum execution time of 60 seconds exceeded у W:\domains\bestbuy\wp-admin\includes\class-wp-filesystem-direct.php доступно 39

2023-12-27T19:59:21+00:00 CRITICAL Maximum execution time of 60 seconds exceeded у W:\domains\bestbuy\wp-includes\class-wp-theme.php доступно 1463

2023-12-27T19:59:26+00:00 CRITICAL Maximum execution time of 60 seconds exceeded у W:\domains\bestbuy\wp-content\plugins\woocommerce\includes\wccom-site\rest-api\endpoints\class-wc-rest-wccom-site-installer-controller.php доступно 194

2023-12-27T20:01:02+00:00 CRITICAL Maximum execution time of 60 seconds exceeded у W:\domains\bestbuy\wp-content\plugins\elementor\includes\utils.php доступно 816

2023-12-27T20:02:16+00:00 CRITICAL Maximum execution time of 60 seconds exceeded у W:\domains\bestbuy\wp-admin\includes\class-wp-filesystem-direct.php доступно 76

2023-12-27T21:23:27+00:00 CRITICAL Maximum execution time of 60 seconds exceeded у W:\domains\bestbuy\wp-includes\class-wp-image-editor-imagick.php доступно 436

2023-12-27T21:28:05+00:00 CRITICAL Maximum execution time of 60 seconds exceeded у W:\domains\bestbuy\wp-includes\class-wp-image-editor-imagick.php доступно 449

2023-12-27T21:30:08+00:00 CRITICAL Maximum execution time of 60 seconds exceeded у W:\domains\bestbuy\wp-content\plugins\astra-sites\inc\lib\gutenberg-templates\ast-block-plugin-loader.php доступно 76

2023-12-27T21:30:10+00:00 CRITICAL Maximum execution time of 60 seconds exceeded у W:\domains\bestbuy\wp-includes\class-wpdb.php доступно 1308

2023-12-27T21:30:12+00:00 CRITICAL Maximum execution time of 60 seconds exceeded у W:\domains\bestbuy\wp-includes\class-wp-image-editor-imagick.php доступно 438

2023-12-27T21:32:26+00:00 CRITICAL Maximum execution time of 60 seconds exceeded у W:\domains\bestbuy\wp-content\plugins\elementor\core\base\base-object.php доступно 111

2023-12-27T21:34:50+00:00 CRITICAL Maximum execution time of 60 seconds exceeded у W:\domains\bestbuy\wp-includes\class-wp-image-editor-imagick.php доступно 449

2023-12-27T21:37:00+00:00 CRITICAL Maximum execution time of 60 seconds exceeded у W:\domains\bestbuy\wp-includes\class-wp-image-editor-imagick.php доступно 449

2023-12-27T21:41:19+00:00 CRITICAL Maximum execution time of 60 seconds exceeded у W:\domains\bestbuy\wp-includes\l10n.php доступно 783

2023-12-27T21:41:20+00:00 CRITICAL Maximum execution time of 60 seconds exceeded у W:\domains\bestbuy\wp-includes\plugin.php доступно 205

2023-12-27T21:41:28+00:00 CRITICAL Maximum execution time of 60 seconds exceeded у W:\domains\bestbuy\wp-includes\functions.php доступно 650

2023-12-27T21:41:42+00:00 CRITICAL Maximum execution time of 60 seconds exceeded у W:\domains\bestbuy\wp-content\plugins\woo-cart-abandonment-recovery\classes\class-cartflows-ca-utils.php доступно 8

2023-12-27T21:42:30+00:00 CRITICAL Maximum execution time of 60 seconds exceeded in W:\domains\bestbuy\wp-includes\blocks.php on line 356

2023-12-27T21:42:38+00:00 CRITICAL Maximum execution time of 60 seconds exceeded у W:\domains\bestbuy\wp-includes\functions.php доступно 4593

2023-12-27T21:42:39+00:00 CRITICAL Maximum execution time of 60 seconds exceeded у W:\domains\bestbuy\wp-includes\class-wp-hook.php доступно 83

2023-12-27T21:43:00+00:00 CRITICAL Maximum execution time of 60 seconds exceeded у W:\domains\bestbuy\wp-content\themes\astra\inc\builder\type\footer\button\class-astra-footer-button-component.php доступно 12

2023-12-27T21:43:01+00:00 CRITICAL Maximum execution time of 60 seconds exceeded у W:\domains\bestbuy\wp-content\themes\astra\inc\lib\batch-processing\class-astra-wp-async-request.php доступно 8

2023-12-27T21:43:15+00:00 CRITICAL Maximum execution time of 60 seconds exceeded у W:\domains\bestbuy\wp-includes\blocks.php доступно 1637

2023-12-27T21:43:40+00:00 CRITICAL Maximum execution time of 60 seconds exceeded у W:\domains\bestbuy\wp-includes\plugin.php доступно 190

2023-12-27T21:45:59+00:00 CRITICAL Maximum execution time of 60 seconds exceeded у W:\domains\bestbuy\wp-admin\includes\class-wp-filesystem-direct.php доступно 76

2023-12-27T21:46:02+00:00 CRITICAL Maximum execution time of 60 seconds exceeded у W:\domains\bestbuy\wp-includes\Requests\src\Transport\Curl.php доступно 205

2023-12-27T21:48:13+00:00 CRITICAL Maximum execution time of 60 seconds exceeded у W:\domains\bestbuy\wp-admin\includes\class-wp-filesystem-direct.php доступно 76

2023-12-27T21:53:12+00:00 CRITICAL Maximum execution time of 60 seconds exceeded у W:\domains\bestbuy\wp-includes\class-wp-image-editor-imagick.php доступно 449

2023-12-27T21:57:23+00:00 CRITICAL Maximum execution time of 60 seconds exceeded у W:\domains\bestbuy\wp-includes\class-wp-image-editor-imagick.php доступно 436

2023-12-27T21:57:23+00:00 CRITICAL Maximum execution time of 60 seconds exceeded у W:\domains\bestbuy\wp-includes\class-wp-hook.php доступно 323

2023-12-27T21:57:27+00:00 CRITICAL Maximum execution time of 60 seconds exceeded у W:\domains\bestbuy\wp-content\plugins\woocommerce\includes\wccom-site\rest-api\endpoints\class-wc-rest-wccom-site-ssr-controller.php доступно 140

2023-12-27T21:57:58+00:00 CRITICAL Maximum execution time of 60 seconds exceeded у W:\domains\bestbuy\wp-includes\pomo\translations.php доступно 108

2023-12-27T21:58:00+00:00 CRITICAL Maximum execution time of 60 seconds exceeded у W:\domains\bestbuy\wp-content\plugins\astra-sites\inc\lib\gutenberg-templates\inc\importer\image-importer.php доступно 28

2023-12-27T21:58:32+00:00 CRITICAL Maximum execution time of 60 seconds exceeded у W:\domains\bestbuy\wp-admin\includes\class-wp-filesystem-direct.php доступно 76

2023-12-27T21:59:20+00:00 CRITICAL Maximum execution time of 60 seconds exceeded у W:\domains\bestbuy\wp-includes\pomo\mo.php доступно 285

2023-12-27T22:01:06+00:00 CRITICAL Maximum execution time of 60 seconds exceeded у W:\domains\bestbuy\wp-includes\class-wpdb.php доступно 2349

2023-12-27T22:03:28+00:00 CRITICAL Maximum execution time of 60 seconds exceeded у W:\domains\bestbuy\wp-includes\class-wp-image-editor-imagick.php доступно 449

2023-12-27T22:03:31+00:00 CRITICAL Maximum execution time of 60 seconds exceeded у W:\domains\bestbuy\wp-includes\class-wpdb.php доступно 2349

2023-12-27T22:03:32+00:00 CRITICAL Maximum execution time of 60 seconds exceeded у W:\domains\bestbuy\wp-content\plugins\woocommerce\packages\woocommerce-blocks\src\StoreApi\Utilities\CartController.php доступно 23

2023-12-27T22:05:05+00:00 CRITICAL Maximum execution time of 60 seconds exceeded у W:\domains\bestbuy\wp-admin\includes\class-wp-filesystem-direct.php доступно 66

2023-12-27T22:07:32+00:00 CRITICAL Maximum execution time of 60 seconds exceeded у W:\domains\bestbuy\wp-includes\Requests\src\Transport\Curl.php доступно 205

2023-12-27T22:09:02+00:00 CRITICAL Maximum execution time of 60 seconds exceeded у W:\domains\bestbuy\wp-includes\class-wpdb.php доступно 2349

2023-12-27T22:10:10+00:00 CRITICAL Maximum execution time of 60 seconds exceeded у W:\domains\bestbuy\wp-content\themes\astra\inc\customizer\configurations\builder\class-astra-builder-base-configuration.php доступно 9

2023-12-27T22:10:11+00:00 CRITICAL Maximum execution time of 60 seconds exceeded in W:\domains\bestbuy\wp-content\themes\astra\admin\includes\class-astra-api-init.php on line 9

2023-12-27T22:10:17+00:00 CRITICAL Maximum execution time of 60 seconds exceeded у W:\domains\bestbuy\wp-includes\functions.php доступно 650

2023-12-27T22:10:17+00:00 CRITICAL Maximum execution time of 60 seconds exceeded у W:\domains\bestbuy\wp-includes\functions.php доступно 650

2023-12-27T22:10:17+00:00 CRITICAL Maximum execution time of 60 seconds exceeded у W:\domains\bestbuy\wp-content\themes\astra\inc\core\deprecated\deprecated-filters.php доступно 12

2023-12-27T22:11:35+00:00 CRITICAL Maximum execution time of 60 seconds exceeded у W:\domains\bestbuy\wp-content\plugins\elementor\modules\shapes\widgets\text-path.php доступно 13

2023-12-27T22:12:47+00:00 CRITICAL Maximum execution time of 60 seconds exceeded у W:\domains\bestbuy\wp-includes\class-wpdb.php доступно 2349

2023-12-27T22:12:52+00:00 CRITICAL Maximum execution time of 60 seconds exceeded у W:\domains\bestbuy\wp-content\plugins\woocommerce\packages\woocommerce-blocks\src\BlockTypes\MiniCart.php доступно 591

2023-12-27T22:12:52+00:00 CRITICAL Maximum execution time of 60 seconds exceeded у W:\domains\bestbuy\wp-includes\link-template.php доступно 3919

2023-12-27T22:12:59+00:00 CRITICAL Maximum execution time of 60 seconds exceeded in W:\domains\bestbuy\wp-admin\includes\class-wp-site-health.php on line 3636

2023-12-27T22:12:59+00:00 CRITICAL Maximum execution time of 60 seconds exceeded у W:\domains\bestbuy\wp-content\themes\astra\inc\builder\type\header\woo-cart\dynamic-css\dynamic.css.php доступно 9

2023-12-27T22:14:20+00:00 CRITICAL Maximum execution time of 60 seconds exceeded in W:\domains\bestbuy\wp-includes\functions.php on line 6805

2023-12-27T22:14:45+00:00 CRITICAL Maximum execution time of 60 seconds exceeded у W:\domains\bestbuy\wp-includes\class-wpdb.php доступно 2349

2023-12-27T22:16:09+00:00 CRITICAL Maximum execution time of 60 seconds exceeded у W:\domains\bestbuy\wp-includes\class-wp-image-editor-imagick.php доступно 449

2023-12-27T22:16:23+00:00 CRITICAL Maximum execution time of 60 seconds exceeded у W:\domains\bestbuy\wp-content\plugins\woocommerce\includes\gateways\paypal\class-wc-gateway-paypal.php доступно 15

2023-12-27T22:16:24+00:00 CRITICAL Maximum execution time of 60 seconds exceeded in W:\domains\bestbuy\wp-content\plugins\woocommerce\src\Admin\API\Reports\Orders\Controller.php on line 10

2023-12-27T22:16:27+00:00 CRITICAL Maximum execution time of 60 seconds exceeded у W:\domains\bestbuy\wp-includes\class-wp-user.php доступно 522

2023-12-27T22:18:14+00:00 CRITICAL Maximum execution time of 60 seconds exceeded у W:\domains\bestbuy\wp-includes\Requests\src\Transport\Curl.php доступно 205

2023-12-27T22:20:19+00:00 CRITICAL Maximum execution time of 60 seconds exceeded in W:\domains\bestbuy\wp-content\plugins\woocommerce\src\Admin\API\Reports\Categories\Controller.php on line 10

2023-12-27T22:20:21+00:00 CRITICAL Maximum execution time of 60 seconds exceeded in W:\domains\bestbuy\wp-content\plugins\envato-elements\inc\api\class-template-kit-import.php on line 17

2023-12-27T22:20:21+00:00 CRITICAL Maximum execution time of 60 seconds exceeded in W:\domains\bestbuy\wp-content\plugins\woocommerce\includes\rest-api\Controllers\Version1\class-wc-rest-product-attributes-v1-controller.php on line 11

2023-12-27T22:20:22+00:00 CRITICAL Maximum execution time of 60 seconds exceeded in W:\domains\bestbuy\wp-content\plugins\woocommerce\includes\admin\settings\class-wc-settings-emails.php on line 11

2023-12-27T22:20:22+00:00 CRITICAL Maximum execution time of 60 seconds exceeded у W:\domains\bestbuy\wp-content\plugins\astra-sites\inc\lib\gutenberg-templates\ast-block-plugin-loader.php доступно 76

2023-12-27T22:22:36+00:00 CRITICAL Maximum execution time of 60 seconds exceeded у W:\domains\bestbuy\wp-includes\l10n.php доступно 783

2023-12-27T22:22:37+00:00 CRITICAL Maximum execution time of 60 seconds exceeded у W:\domains\bestbuy\wp-content\plugins\checkout-plugins-stripe-woo\autoloader.php доступно 61

2023-12-27T22:22:41+00:00 CRITICAL Maximum execution time of 60 seconds exceeded у W:\domains\bestbuy\wp-content\themes\astra\inc\builder\type\base\dynamic-css\button\class-astra-button-component-dynamic-css.php доступно 13

2023-12-27T22:22:45+00:00 CRITICAL Maximum execution time of 60 seconds exceeded in W:\domains\bestbuy\wp-content\themes\astra\inc\lib\webfont\class-astra-webfont-loader.php on line 686

2023-12-27T22:22:45+00:00 CRITICAL Maximum execution time of 60 seconds exceeded у W:\domains\bestbuy\wp-settings.php доступно 610

2023-12-27T22:24:16+00:00 CRITICAL Maximum execution time of 60 seconds exceeded у W:\domains\bestbuy\wp-includes\class-wp-image-editor-imagick.php доступно 438

2023-12-27T22:24:17+00:00 CRITICAL Maximum execution time of 60 seconds exceeded у W:\domains\bestbuy\wp-content\plugins\elementor\includes\widgets\common.php доступно 6

2023-12-27T22:26:25+00:00 CRITICAL Maximum execution time of 60 seconds exceeded у W:\domains\bestbuy\wp-includes\class-wpdb.php доступно 2349

2023-12-27T22:27:57+00:00 CRITICAL Maximum execution time of 60 seconds exceeded у W:\domains\bestbuy\wp-includes\class-wp-image-editor-imagick.php доступно 438

2023-12-27T22:27:58+00:00 CRITICAL Maximum execution time of 60 seconds exceeded у W:\domains\bestbuy\wp-includes\class-wp-image-editor-imagick.php доступно 144

2023-12-27T22:28:01+00:00 CRITICAL Maximum execution time of 60 seconds exceeded in W:\domains\bestbuy\wp-content\plugins\contact-form-7\includes\swv\rules\maxlength.php on line 47

2023-12-27T22:31:02+00:00 CRITICAL Maximum execution time of 60 seconds exceeded у W:\domains\bestbuy\wp-content\plugins\woocommerce\packages\woocommerce-blocks\src\StoreApi\Utilities\CartController.php доступно 23

2023-12-27T22:31:03+00:00 CRITICAL Maximum execution time of 60 seconds exceeded у W:\domains\bestbuy\wp-includes\class-wpdb.php доступно 2349

2023-12-27T22:32:15+00:00 CRITICAL Maximum execution time of 60 seconds exceeded у W:\domains\bestbuy\wp-admin\includes\class-wp-filesystem-direct.php доступно 39

2023-12-27T22:32:21+00:00 CRITICAL Maximum execution time of 60 seconds exceeded у W:\domains\bestbuy\wp-content\plugins\woocommerce\packages\woocommerce-blocks\src\Integrations\IntegrationRegistry.php доступно 144

2023-12-27T22:32:26+00:00 CRITICAL Maximum execution time of 60 seconds exceeded у W:\domains\bestbuy\wp-content\themes\astra\inc\core\builder\class-astra-builder-options.php доступно 1293

2023-12-27T22:32:27+00:00 CRITICAL Maximum execution time of 60 seconds exceeded in W:\domains\bestbuy\wp-includes\functions.php on line 650

2023-12-27T22:32:46+00:00 CRITICAL Maximum execution time of 60 seconds exceeded у W:\domains\bestbuy\wp-includes\class-wp-image-editor-imagick.php доступно 438

2023-12-27T22:38:10+00:00 CRITICAL Maximum execution time of 60 seconds exceeded у W:\domains\bestbuy\wp-includes\class-wp-image-editor-imagick.php доступно 438

2023-12-27T22:38:18+00:00 CRITICAL Maximum execution time of 60 seconds exceeded у W:\domains\bestbuy\wp-includes\class-wp-image-editor-imagick.php доступно 438

2023-12-27T22:42:39+00:00 CRITICAL Maximum execution time of 60 seconds exceeded у W:\domains\bestbuy\wp-includes\class-wpdb.php доступно 2349

2023-12-27T22:43:44+00:00 CRITICAL Maximum execution time of 60 seconds exceeded у W:\domains\bestbuy\wp-includes\class-wp-image-editor-imagick.php доступно 449

2023-12-27T22:43:45+00:00 CRITICAL Maximum execution time of 60 seconds exceeded у W:\domains\bestbuy\wp-includes\class-wp-image-editor-imagick.php доступно 162

2023-12-27T22:48:14+00:00 CRITICAL Maximum execution time of 60 seconds exceeded у W:\domains\bestbuy\wp-content\plugins\elementor\core\files\manager.php доступно 110

2023-12-27T22:52:46+00:00 CRITICAL Maximum execution time of 60 seconds exceeded у W:\domains\bestbuy\wp-includes\Requests\src\Transport\Curl.php доступно 205

2023-12-27T22:52:46+00:00 CRITICAL Maximum execution time of 60 seconds exceeded у W:\domains\bestbuy\wp-includes\Requests\src\Transport\Curl.php доступно 205

2023-12-27T22:53:48+00:00 CRITICAL Maximum execution time of 60 seconds exceeded у W:\domains\bestbuy\wp-includes\class-wpdb.php доступно 2349

2023-12-27T22:58:32+00:00 CRITICAL Maximum execution time of 60 seconds exceeded у W:\domains\bestbuy\wp-admin\includes\class-wp-filesystem-direct.php доступно 76

2023-12-27T22:58:33+00:00 CRITICAL Maximum execution time of 60 seconds exceeded у W:\domains\bestbuy\wp-includes\class-wp-image-editor-imagick.php доступно 144

2023-12-27T23:03:24+00:00 CRITICAL Maximum execution time of 60 seconds exceeded у W:\domains\bestbuy\wp-includes\class-wp-image-editor-imagick.php доступно 888

2023-12-27T23:03:26+00:00 CRITICAL Maximum execution time of 60 seconds exceeded у W:\domains\bestbuy\wp-includes\class-wp-image-editor-imagick.php доступно 888

2023-12-27T23:03:52+00:00 CRITICAL Maximum execution time of 60 seconds exceeded in W:\domains\bestbuy\wp-includes\l10n.php on line 197

2023-12-27T23:08:11+00:00 CRITICAL Maximum execution time of 60 seconds exceeded у W:\domains\bestbuy\wp-includes\Requests\src\Transport\Curl.php доступно 205

2023-12-27T23:08:11+00:00 CRITICAL Maximum execution time of 60 seconds exceeded у W:\domains\bestbuy\wp-includes\class-wpdb.php доступно 2349

2023-12-27T23:08:11+00:00 CRITICAL Maximum execution time of 60 seconds exceeded у W:\domains\bestbuy\wp-includes\class-wp-image-editor-imagick.php доступно 144

2023-12-27T23:09:50+00:00 CRITICAL Maximum execution time of 60 seconds exceeded у W:\domains\bestbuy\wp-content\plugins\woocommerce\includes\rest-api\Controllers\Version1\class-wc-rest-products-v1-controller.php доступно 15

2023-12-27T23:12:51+00:00 CRITICAL Maximum execution time of 60 seconds exceeded у W:\domains\bestbuy\wp-includes\Requests\src\Transport\Curl.php доступно 205

2023-12-27T23:15:11+00:00 CRITICAL Maximum execution time of 60 seconds exceeded у W:\domains\bestbuy\wp-content\plugins\woocommerce\packages\woocommerce-blocks\src\BlockTypes\OrderConfirmation\DownloadsWrapper.php доступно 89

2023-12-27T23:15:14+00:00 CRITICAL Maximum execution time of 60 seconds exceeded in W:\domains\bestbuy\wp-content\plugins\elementor\includes\autoloader.php on line 293

2023-12-27T23:15:14+00:00 CRITICAL Maximum execution time of 60 seconds exceeded in W:\domains\bestbuy\wp-content\plugins\woocommerce\includes\rest-api\Controllers\Version3\class-wc-rest-coupons-controller.php on line 19

2023-12-27T23:15:14+00:00 CRITICAL Maximum execution time of 60 seconds exceeded in W:\domains\bestbuy\wp-content\plugins\woocommerce\includes\rest-api\Controllers\Version3\class-wc-rest-orders-controller.php on line 23

2023-12-27T23:15:17+00:00 CRITICAL Maximum execution time of 60 seconds exceeded in W:\domains\bestbuy\wp-content\plugins\astra-sites\inc\lib\gutenberg-templates\ast-block-plugin-loader.php on line 76

2023-12-27T23:15:18+00:00 CRITICAL Maximum execution time of 60 seconds exceeded у W:\domains\bestbuy\wp-includes\functions.php доступно 4593

2023-12-27T23:15:18+00:00 CRITICAL Maximum execution time of 60 seconds exceeded in W:\domains\bestbuy\wp-content\plugins\woocommerce\includes\admin\class-wc-admin-settings.php on line 11

2023-12-27T23:15:35+00:00 CRITICAL Maximum execution time of 60 seconds exceeded у W:\domains\bestbuy\wp-content\plugins\woocommerce\packages\woocommerce-blocks\src\BlockTypes\CheckoutTotalsBlock.php доступно 15

2023-12-27T23:16:15+00:00 CRITICAL Maximum execution time of 60 seconds exceeded у W:\domains\bestbuy\wp-includes\blocks.php доступно 356

2023-12-27T23:16:15+00:00 CRITICAL Maximum execution time of 60 seconds exceeded in W:\domains\bestbuy\wp-includes\functions.php on line 2124

2023-12-27T23:16:15+00:00 CRITICAL Maximum execution time of 60 seconds exceeded у W:\domains\bestbuy\wp-includes\functions.php доступно 4579

2023-12-27T23:16:15+00:00 CRITICAL Maximum execution time of 60 seconds exceeded у W:\domains\bestbuy\wp-includes\blocks.php доступно 356

2023-12-27T23:16:16+00:00 CRITICAL Maximum execution time of 60 seconds exceeded in W:\domains\bestbuy\wp-content\plugins\contact-form-7\includes\swv\rules\file.php on line 64

2023-12-27T23:16:16+00:00 CRITICAL Maximum execution time of 60 seconds exceeded in W:\domains\bestbuy\wp-includes\plugin.php on line 179

2023-12-27T23:16:19+00:00 CRITICAL Maximum execution time of 60 seconds exceeded у W:\domains\bestbuy\wp-includes\blocks.php доступно 377

2023-12-27T23:16:19+00:00 CRITICAL Maximum execution time of 60 seconds exceeded у W:\domains\bestbuy\wp-includes\functions.php доступно 6805

2023-12-27T23:16:19+00:00 CRITICAL Maximum execution time of 60 seconds exceeded in W:\domains\bestbuy\wp-content\plugins\woocommerce\packages\woocommerce-blocks\src\Integrations\IntegrationRegistry.php on line 135

2023-12-27T23:16:21+00:00 CRITICAL Maximum execution time of 60 seconds exceeded у W:\domains\bestbuy\wp-includes\functions.php доступно 2190

2023-12-27T23:18:42+00:00 CRITICAL Maximum execution time of 60 seconds exceeded у W:\domains\bestbuy\wp-includes\functions.php доступно 4579

2023-12-27T23:18:57+00:00 CRITICAL Maximum execution time of 60 seconds exceeded у W:\domains\bestbuy\wp-content\plugins\elementor\includes\autoloader.php доступно 293

2023-12-27T23:19:08+00:00 CRITICAL Maximum execution time of 60 seconds exceeded у W:\domains\bestbuy\wp-content\themes\astra\inc\core\class-astra-admin-settings.php доступно 14

2023-12-27T23:19:08+00:00 CRITICAL Maximum execution time of 60 seconds exceeded у W:\domains\bestbuy\wp-content\themes\astra\inc\core\class-gutenberg-editor-css.php доступно 14

2023-12-27T23:19:08+00:00 CRITICAL Maximum execution time of 60 seconds exceeded у W:\domains\bestbuy\wp-content\themes\astra\inc\markup-extras.php доступно 15

2023-12-27T23:19:11+00:00 CRITICAL Maximum execution time of 60 seconds exceeded у W:\domains\bestbuy\wp-includes\l10n.php доступно 783

2023-12-27T23:19:11+00:00 CRITICAL Maximum execution time of 60 seconds exceeded in W:\domains\bestbuy\wp-content\themes\astra\inc\dynamic-css\content-background.php on line 9

2023-12-27T23:19:12+00:00 CRITICAL Maximum execution time of 60 seconds exceeded у W:\domains\bestbuy\wp-content\plugins\cartflows\modules\checkout\classes\class-cartflows-global-checkout.php доступно 9

2023-12-27T23:19:13+00:00 CRITICAL Maximum execution time of 60 seconds exceeded у W:\domains\bestbuy\wp-includes\pomo\entry.php доступно 98

2023-12-27T23:21:12+00:00 CRITICAL Maximum execution time of 60 seconds exceeded у W:\domains\bestbuy\wp-includes\class-wpdb.php доступно 2349

2023-12-27T23:21:13+00:00 CRITICAL Maximum execution time of 60 seconds exceeded у W:\domains\bestbuy\wp-includes\Requests\src\Transport\Curl.php доступно 205

2023-12-27T23:22:14+00:00 CRITICAL Maximum execution time of 60 seconds exceeded у W:\domains\bestbuy\wp-includes\class-wpdb.php доступно 2349

2023-12-27T23:23:03+00:00 CRITICAL Maximum execution time of 60 seconds exceeded у W:\domains\bestbuy\wp-content\plugins\woocommerce\packages\woocommerce-blocks\src\BlockPatterns.php доступно 128

2023-12-27T23:23:27+00:00 CRITICAL Maximum execution time of 60 seconds exceeded in W:\domains\bestbuy\wp-includes\class-wpdb.php on line 2410

2023-12-27T23:23:28+00:00 CRITICAL Maximum execution time of 60 seconds exceeded in W:\domains\bestbuy\wp-content\plugins\elementor\includes\tracker.php on line 8

2023-12-27T23:23:31+00:00 CRITICAL Maximum execution time of 60 seconds exceeded in W:\domains\bestbuy\wp-content\plugins\elementor\includes\autoloader.php on line 293

2023-12-27T23:23:36+00:00 CRITICAL Maximum execution time of 60 seconds exceeded in W:\domains\bestbuy\wp-includes\functions.php on line 2124

2023-12-27T23:23:36+00:00 CRITICAL Maximum execution time of 60 seconds exceeded in W:\domains\bestbuy\wp-includes\functions.php on line 4579

2023-12-27T23:23:36+00:00 CRITICAL Maximum execution time of 60 seconds exceeded у W:\domains\bestbuy\wp-content\plugins\elementor\core\files\uploads-manager.php доступно 12

2023-12-27T23:24:37+00:00 CRITICAL Maximum execution time of 60 seconds exceeded in W:\domains\bestbuy\wp-content\plugins\woocommerce\packages\woocommerce-blocks\src\Assets\Api.php on line 112

2023-12-27T23:24:37+00:00 CRITICAL Maximum execution time of 60 seconds exceeded in W:\domains\bestbuy\wp-includes\functions.php on line 4593

2023-12-27T23:24:38+00:00 CRITICAL Maximum execution time of 60 seconds exceeded in W:\domains\bestbuy\wp-content\plugins\woocommerce\packages\woocommerce-blocks\src\Assets\Api.php on line 112

2023-12-27T23:24:39+00:00 CRITICAL Maximum execution time of 60 seconds exceeded in W:\domains\bestbuy\wp-includes\functions.php on line 4579

2023-12-27T23:24:39+00:00 CRITICAL Maximum execution time of 60 seconds exceeded у W:\domains\bestbuy\wp-includes\functions.php доступно 6805

2023-12-27T23:24:39+00:00 CRITICAL Maximum execution time of 60 seconds exceeded у W:\domains\bestbuy\wp-includes\blocks.php доступно 377

2023-12-27T23:27:07+00:00 CRITICAL Maximum execution time of 60 seconds exceeded у W:\domains\bestbuy\wp-admin\includes\class-wp-filesystem-direct.php доступно 76

2023-12-27T23:27:10+00:00 CRITICAL Maximum execution time of 60 seconds exceeded у W:\domains\bestbuy\wp-includes\functions.php доступно 4299

2023-12-27T23:31:35+00:00 CRITICAL Maximum execution time of 60 seconds exceeded in W:\domains\bestbuy\wp-includes\l10n.php on line 1250

2023-12-27T23:31:36+00:00 CRITICAL Maximum execution time of 60 seconds exceeded in W:\domains\bestbuy\wp-content\plugins\woocommerce\packages\woocommerce-blocks\src\BlockTypes\OrderConfirmation\Summary.php on line 55

2023-12-27T23:31:37+00:00 CRITICAL Maximum execution time of 60 seconds exceeded in W:\domains\bestbuy\wp-content\plugins\woocommerce\packages\woocommerce-blocks\src\BlockTypes\HandpickedProducts.php on line 7

2023-12-27T23:31:38+00:00 CRITICAL Maximum execution time of 60 seconds exceeded in W:\domains\bestbuy\wp-content\plugins\woocommerce\packages\woocommerce-blocks\src\Assets\Api.php on line 112

2023-12-27T23:31:40+00:00 CRITICAL Maximum execution time of 60 seconds exceeded in W:\domains\bestbuy\wp-includes\l10n.php on line 185

2023-12-27T23:31:55+00:00 CRITICAL Maximum execution time of 60 seconds exceeded in W:\domains\bestbuy\wp-includes\option.php on line 79

2023-12-27T23:31:57+00:00 CRITICAL Maximum execution time of 60 seconds exceeded у W:\domains\bestbuy\wp-content\plugins\woocommerce\lib\packages\League\Container\Definition\DefinitionAggregate.php доступно 67

2023-12-27T23:32:31+00:00 CRITICAL Maximum execution time of 60 seconds exceeded у W:\domains\bestbuy\wp-content\themes\astra\inc\compatibility\class-astra-gravity-forms.php доступно 9

2023-12-27T23:32:46+00:00 CRITICAL Maximum execution time of 60 seconds exceeded in W:\domains\bestbuy\wp-content\themes\astra\inc\schema\class-astra-wpsidebar-schema.php on line 12

2023-12-27T23:32:47+00:00 CRITICAL Maximum execution time of 60 seconds exceeded in W:\domains\bestbuy\wp-content\themes\astra\inc\metabox\class-astra-meta-boxes.php on line 12

2023-12-27T23:32:47+00:00 CRITICAL Maximum execution time of 60 seconds exceeded in W:\domains\bestbuy\wp-content\themes\astra\inc\addons\breadcrumbs\class-astra-breadcrumbs-loader.php on line 12

2023-12-27T23:32:47+00:00 CRITICAL Maximum execution time of 60 seconds exceeded in W:\domains\bestbuy\wp-content\themes\astra\inc\customizer\configurations\builder\footer\configs\copyright.php on line 12

2023-12-27T23:33:59+00:00 CRITICAL Maximum execution time of 60 seconds exceeded у W:\domains\bestbuy\wp-includes\Requests\src\Transport\Curl.php доступно 205

2023-12-27T23:34:04+00:00 CRITICAL Maximum execution time of 60 seconds exceeded in W:\domains\bestbuy\wp-includes\Requests\src\Transport\Curl.php on line 205

2023-12-27T23:34:10+00:00 CRITICAL Maximum execution time of 60 seconds exceeded у W:\domains\bestbuy\wp-includes\functions.php доступно 4593

2023-12-27T23:35:03+00:00 CRITICAL Maximum execution time of 60 seconds exceeded у W:\domains\bestbuy\wp-includes\option.php доступно 247

2023-12-27T23:35:04+00:00 CRITICAL Maximum execution time of 60 seconds exceeded у W:\domains\bestbuy\wp-includes\functions.php доступно 650

2023-12-27T23:35:10+00:00 CRITICAL Maximum execution time of 60 seconds exceeded у W:\domains\bestbuy\wp-includes\functions.php доступно 650

2023-12-27T23:35:10+00:00 CRITICAL Maximum execution time of 60 seconds exceeded у W:\domains\bestbuy\wp-includes\functions.php доступно 650

2023-12-27T23:35:10+00:00 CRITICAL Maximum execution time of 60 seconds exceeded in W:\domains\bestbuy\wp-content\plugins\elementor\includes\base\controls-stack.php on line 8

2023-12-27T23:36:27+00:00 CRITICAL Maximum execution time of 60 seconds exceeded in W:\domains\bestbuy\wp-includes\Requests\src\Transport\Curl.php on line 205

2023-12-27T23:37:10+00:00 CRITICAL Maximum execution time of 60 seconds exceeded у W:\domains\bestbuy\wp-admin\includes\class-wp-filesystem-direct.php доступно 39

2023-12-27T23:37:53+00:00 CRITICAL Maximum execution time of 60 seconds exceeded у W:\domains\bestbuy\wp-content\plugins\woocommerce\src\Internal\Admin\ProductReviews\Reviews.php доступно 536

2023-12-27T23:39:17+00:00 CRITICAL Maximum execution time of 60 seconds exceeded у W:\domains\bestbuy\wp-content\plugins\astra-sites\inc\lib\gutenberg-templates\ast-block-plugin-loader.php доступно 76

2023-12-27T23:39:17+00:00 CRITICAL Maximum execution time of 60 seconds exceeded у W:\domains\bestbuy\wp-includes\pomo\entry.php доступно 54

2023-12-27T23:39:18+00:00 CRITICAL Maximum execution time of 60 seconds exceeded in W:\domains\bestbuy\wp-includes\Requests\src\Transport\Curl.php on line 205

2023-12-27T23:42:05+00:00 CRITICAL Maximum execution time of 60 seconds exceeded у W:\domains\bestbuy\wp-includes\class-wp-hook.php доступно 300

2023-12-27T23:43:25+00:00 CRITICAL Maximum execution time of 60 seconds exceeded у W:\domains\bestbuy\wp-includes\class-wp-image-editor-imagick.php доступно 888

2023-12-27T23:48:02+00:00 CRITICAL Maximum execution time of 60 seconds exceeded у W:\domains\bestbuy\wp-includes\class-wp-image-editor-imagick.php доступно 438

2023-12-27T23:48:05+00:00 CRITICAL Maximum execution time of 60 seconds exceeded у W:\domains\bestbuy\wp-includes\class-wp-image-editor-imagick.php доступно 438

2023-12-27T23:52:52+00:00 CRITICAL Maximum execution time of 60 seconds exceeded у W:\domains\bestbuy\wp-admin\includes\class-wp-filesystem-direct.php доступно 76

2023-12-27T23:56:23+00:00 CRITICAL Maximum execution time of 60 seconds exceeded у W:\domains\bestbuy\wp-includes\class-wpdb.php доступно 2349

2023-12-27T23:56:23+00:00 CRITICAL Maximum execution time of 60 seconds exceeded у W:\domains\bestbuy\wp-includes\class-wpdb.php доступно 2349

2023-12-27T23:58:03+00:00 CRITICAL Maximum execution time of 60 seconds exceeded у W:\domains\bestbuy\wp-includes\class-wp-image-editor-imagick.php доступно 438

